<?xml version="1.0" encoding="UTF-8"?>
<!-- Generated by org.testng.reporters.JUnitXMLReporter -->
<testsuite hostname="vtt-cntt-l-77-HP-ProDesk-400-G5-MT-IDS-APJ" name="Default test(failed)" tests="2" failures="2" timestamp="11 Nov 2019 11:34:50 GMT" time="66.278" errors="0">
  <testcase name="TC_004_DuyetYeuCauTichDuyetTaiChinh_DL_CDT" time="47.276" classname="org.selenium.automationtest.testsuite.TS_IM_QLCN_DuyetYeuCauTichDuyetTaiChinh">
    <failure type="java.lang.AssertionError" message="Qua thoi gian nhung khong thay hoac thay doi tuong no such element: Unable to locate element: {&amp;quot;method&amp;quot;:&amp;quot;xpath&amp;quot;,&amp;quot;selector&amp;quot;:&amp;quot;//tbody[@id=&amp;apos;frmManagementRequestFinance:tblListFinanceRequest_data&amp;apos;]//tr[@data-ri=&amp;apos;0&amp;apos;]//a[@title=&amp;apos;Duyệt&amp;apos;]&amp;quot;}
  (Session info: chrome=76.1.3809.94)
  (Driver info: chromedriver=76.0.3809.126 (d80a294506b4c9d18015e755cee48f953ddc3f2f-refs/branch-heads/3809@{#1024}),platform=Linux 4.15.0-54-generic x86_64) (WARNING: The server did not provide any stacktrace information)
Command duration or timeout: 11 milliseconds
For documentation on this error, please visit: http://seleniumhq.org/exceptions/no_such_element.html
Build info: version: &amp;apos;2.53.1&amp;apos;, revision: &amp;apos;a36b8b1cd5757287168e54b817830adce9b0158d&amp;apos;, time: &amp;apos;2016-06-30 19:26:09&amp;apos;
System info: host: &amp;apos;vtt-cntt-l-77-HP-ProDesk-400-G5-MT-IDS-APJ&amp;apos;, ip: &amp;apos;127.0.1.1&amp;apos;, os.name: &amp;apos;Linux&amp;apos;, os.arch: &amp;apos;amd64&amp;apos;, os.version: &amp;apos;4.15.0-54-generic&amp;apos;, java.version: &amp;apos;1.8.0_222&amp;apos;
Driver info: org.openqa.selenium.chrome.ChromeDriver
Capabilities [{mobileEmulationEnabled=false, timeouts={implicit=0, pageLoad=300000, script=30000}, hasTouchScreen=false, platform=LINUX, acceptSslCerts=false, goog:chromeOptions={debuggerAddress=localhost:34933}, acceptInsecureCerts=false, webStorageEnabled=true, browserName=chrome, takesScreenshot=true, javascriptEnabled=true, setWindowRect=true, unexpectedAlertBehaviour=ignore, applicationCacheEnabled=false, rotatable=false, networkConnectionEnabled=false, chrome={chromedriverVersion=76.0.3809.126 (d80a294506b4c9d18015e755cee48f953ddc3f2f-refs/branch-heads/3809@{#1024}), userDataDir=/tmp/.com.google.Chrome.rPDogF}, takesHeapSnapshot=true, pageLoadStrategy=normal, strictFileInteractability=false, databaseEnabled=false, handlesAlerts=true, version=76.1.3809.94, browserConnectionEnabled=false, proxy={}, nativeEvents=true, locationContextEnabled=true, cssSelectorsEnabled=true}]
Session ID: 40c748f8db39c45710f9d06e23beba45
*** Element info: {Using=xpath, value=//tbody[@id=&amp;apos;frmManagementRequestFinance:tblListFinanceRequest_data&amp;apos;]//tr[@data-ri=&amp;apos;0&amp;apos;]//a[@title=&amp;apos;Duyệt&amp;apos;]}">
      <![CDATA[java.lang.AssertionError: Qua thoi gian nhung khong thay hoac thay doi tuong no such element: Unable to locate element: {"method":"xpath","selector":"//tbody[@id='frmManagementRequestFinance:tblListFinanceRequest_data']//tr[@data-ri='0']//a[@title='Duyệt']"}
  (Session info: chrome=76.1.3809.94)
  (Driver info: chromedriver=76.0.3809.126 (d80a294506b4c9d18015e755cee48f953ddc3f2f-refs/branch-heads/3809@{#1024}),platform=Linux 4.15.0-54-generic x86_64) (WARNING: The server did not provide any stacktrace information)
Command duration or timeout: 11 milliseconds
For documentation on this error, please visit: http://seleniumhq.org/exceptions/no_such_element.html
Build info: version: '2.53.1', revision: 'a36b8b1cd5757287168e54b817830adce9b0158d', time: '2016-06-30 19:26:09'
System info: host: 'vtt-cntt-l-77-HP-ProDesk-400-G5-MT-IDS-APJ', ip: '127.0.1.1', os.name: 'Linux', os.arch: 'amd64', os.version: '4.15.0-54-generic', java.version: '1.8.0_222'
Driver info: org.openqa.selenium.chrome.ChromeDriver
Capabilities [{mobileEmulationEnabled=false, timeouts={implicit=0, pageLoad=300000, script=30000}, hasTouchScreen=false, platform=LINUX, acceptSslCerts=false, goog:chromeOptions={debuggerAddress=localhost:34933}, acceptInsecureCerts=false, webStorageEnabled=true, browserName=chrome, takesScreenshot=true, javascriptEnabled=true, setWindowRect=true, unexpectedAlertBehaviour=ignore, applicationCacheEnabled=false, rotatable=false, networkConnectionEnabled=false, chrome={chromedriverVersion=76.0.3809.126 (d80a294506b4c9d18015e755cee48f953ddc3f2f-refs/branch-heads/3809@{#1024}), userDataDir=/tmp/.com.google.Chrome.rPDogF}, takesHeapSnapshot=true, pageLoadStrategy=normal, strictFileInteractability=false, databaseEnabled=false, handlesAlerts=true, version=76.1.3809.94, browserConnectionEnabled=false, proxy={}, nativeEvents=true, locationContextEnabled=true, cssSelectorsEnabled=true}]
Session ID: 40c748f8db39c45710f9d06e23beba45
*** Element info: {Using=xpath, value=//tbody[@id='frmManagementRequestFinance:tblListFinanceRequest_data']//tr[@data-ri='0']//a[@title='Duyệt']}
	at org.selenium.automationtest.common.CommonBase.checkCycling(CommonBase.java:319)
	at org.selenium.automationtest.common.CommonBase.getDisplayedElement(CommonBase.java:247)
	at org.selenium.automationtest.common.CommonBase.getDisplayedElement(CommonBase.java:249)
	at org.selenium.automationtest.common.CommonBase.getDisplayedElement(CommonBase.java:249)
	at org.selenium.automationtest.common.CommonBase.getDisplayedElement(CommonBase.java:249)
	at org.selenium.automationtest.common.CommonBase.getDisplayedElement(CommonBase.java:249)
	at org.selenium.automationtest.common.CommonBase.getDisplayedElement(CommonBase.java:249)
	at org.selenium.automationtest.common.CommonBase.getDisplayedElement(CommonBase.java:249)
	at org.selenium.automationtest.common.CommonBase.getDisplayedElement(CommonBase.java:249)
	at org.selenium.automationtest.common.CommonBase.getDisplayedElement(CommonBase.java:249)
	at org.selenium.automationtest.common.CommonBase.getDisplayedElement(CommonBase.java:249)
	at org.selenium.automationtest.common.CommonBase.getDisplayedElement(CommonBase.java:249)
	at org.selenium.automationtest.common.CommonBase.getDisplayedElement(CommonBase.java:249)
	at org.selenium.automationtest.common.CommonBase.getDisplayedElement(CommonBase.java:249)
	at org.selenium.automationtest.common.CommonBase.getDisplayedElement(CommonBase.java:249)
	at org.selenium.automationtest.common.CommonBase.getDisplayedElement(CommonBase.java:249)
	at org.selenium.automationtest.common.CommonBase.getDisplayedElement(CommonBase.java:249)
	at org.selenium.automationtest.common.CommonBase.getDisplayedElement(CommonBase.java:249)
	at org.selenium.automationtest.common.CommonBase.getDisplayedElement(CommonBase.java:249)
	at org.selenium.automationtest.common.CommonBase.getDisplayedElement(CommonBase.java:249)
	at org.selenium.automationtest.common.CommonBase.getDisplayedElement(CommonBase.java:249)
	at org.selenium.automationtest.common.CommonBase.getDisplayedElement(CommonBase.java:249)
	at org.selenium.automationtest.common.CommonBase.getDisplayedElement(CommonBase.java:249)
	at org.selenium.automationtest.common.CommonBase.getDisplayedElement(CommonBase.java:249)
	at org.selenium.automationtest.common.CommonBase.getDisplayedElement(CommonBase.java:249)
	at org.selenium.automationtest.common.CommonBase.getDisplayedElement(CommonBase.java:249)
	at org.selenium.automationtest.common.CommonBase.getDisplayedElement(CommonBase.java:249)
	at org.selenium.automationtest.common.CommonBase.getDisplayedElement(CommonBase.java:249)
	at org.selenium.automationtest.common.CommonBase.getDisplayedElement(CommonBase.java:249)
	at org.selenium.automationtest.common.CommonBase.getDisplayedElement(CommonBase.java:249)
	at org.selenium.automationtest.common.CommonBase.getDisplayedElement(CommonBase.java:249)
	at org.selenium.automationtest.common.CommonBase.getDisplayedElement(CommonBase.java:249)
	at org.selenium.automationtest.common.CommonBase.getDisplayedElement(CommonBase.java:249)
	at org.selenium.automationtest.common.CommonBase.getDisplayedElement(CommonBase.java:249)
	at org.selenium.automationtest.common.CommonBase.getDisplayedElement(CommonBase.java:249)
	at org.selenium.automationtest.common.CommonBase.getDisplayedElement(CommonBase.java:249)
	at org.selenium.automationtest.common.CommonBase.getDisplayedElement(CommonBase.java:249)
	at org.selenium.automationtest.common.CommonBase.getDisplayedElement(CommonBase.java:249)
	at org.selenium.automationtest.common.CommonBase.getDisplayedElement(CommonBase.java:249)
	at org.selenium.automationtest.common.CommonBase.getDisplayedElement(CommonBase.java:249)
	at org.selenium.automationtest.common.CommonBase.getDisplayedElement(CommonBase.java:249)
	at org.selenium.automationtest.common.CommonBase.getDisplayedElement(CommonBase.java:249)
	at org.selenium.automationtest.common.CommonBase.getDisplayedElement(CommonBase.java:249)
	at org.selenium.automationtest.common.CommonBase.getElementPresent(CommonBase.java:340)
	at org.selenium.automationtest.common.CommonBase.click(CommonBase.java:440)
	at org.selenium.automationtest.testsuite.TS_IM_QLCN_DuyetYeuCauTichDuyetTaiChinh.TC_004_DuyetYeuCauTichDuyetTaiChinh_DL_CDT(TS_IM_QLCN_DuyetYeuCauTichDuyetTaiChinh.java:258)
... Removed 25 stack frames]]>
    </failure>
  </testcase> <!-- TC_004_DuyetYeuCauTichDuyetTaiChinh_DL_CDT -->
  <testcase name="TC_001_DuyetYeuCauTichDuyetTaiChinh_TimKiem_XemChiTiet" time="2.71" classname="org.selenium.automationtest.testsuite.TS_IM_QLCN_DuyetYeuCauTichDuyetTaiChinh">
    <failure type="java.lang.AssertionError" message="Du lieu so sanh co 1 truong bi null">
      <![CDATA[java.lang.AssertionError: Du lieu so sanh co 1 truong bi null
	at org.selenium.automationtest.common.CommonBase.verifyCompare(CommonBase.java:912)
	at org.selenium.automationtest.testsuite.TS_IM_QLCN_DuyetYeuCauTichDuyetTaiChinh.TC_001_DuyetYeuCauTichDuyetTaiChinh_TimKiem_XemChiTiet(TS_IM_QLCN_DuyetYeuCauTichDuyetTaiChinh.java:59)
... Removed 25 stack frames]]>
    </failure>
  </testcase> <!-- TC_001_DuyetYeuCauTichDuyetTaiChinh_TimKiem_XemChiTiet -->
</testsuite> <!-- Default test(failed) -->
