<?xml version="1.0" encoding="UTF-8"?>
<!-- Generated by org.testng.reporters.JUnitReportReporter -->
<testsuite hostname="Admin-PC" failures="1" tests="1" name="automation.testsuite.TS_EpicLogin_CAPA" time="30.573" errors="0" timestamp="7 May 2023 14:17:19 GMT">
  <testcase classname="automation.testsuite.TS_EpicLogin_CAPA" name="CA_1_Login_1" time="30.573">
    <failure message="Qua thoi gian nhung khong thay hoac thay doi tuong no such element: Unable to locate element: {&quot;method&quot;:&quot;xpath&quot;,&quot;selector&quot;:&quot;//h4[contains(text(),&#039;카파 로그인&#039;)]&quot;}
  (Session info: chrome=112.0.5615.138)
  (Driver info: chromedriver=112.0.5615.49 (bd2a7bcb881c11e8cfe3078709382934e3916914-refs/branch-heads/5615@{#936}),platform=Windows NT 10.0.19045 x86_64) (WARNING: The server did not provide any stacktrace information)
Command duration or timeout: 24 milliseconds
For documentation on this error, please visit: http://seleniumhq.org/exceptions/no_such_element.html
Build info: version: &#039;2.53.1&#039;, revision: &#039;a36b8b1cd5757287168e54b817830adce9b0158d&#039;, time: &#039;2016-06-30 19:26:09&#039;
System info: host: &#039;Admin-PC&#039;, ip: &#039;192.168.1.62&#039;, os.name: &#039;Windows 10&#039;, os.arch: &#039;amd64&#039;, os.version: &#039;10.0&#039;, java.version: &#039;17.0.7&#039;
Driver info: org.openqa.selenium.chrome.ChromeDriver
Capabilities [{mobileEmulationEnabled=false, timeouts={implicit=0, pageLoad=300000, script=30000}, hasTouchScreen=false, platform=XP, acceptSslCerts=false, goog:chromeOptions={debuggerAddress=localhost:54112}, webauthn:extension:credBlob=true, acceptInsecureCerts=false, webStorageEnabled=true, browserName=chrome, takesScreenshot=true, javascriptEnabled=true, setWindowRect=true, webauthn:extension:largeBlob=true, unexpectedAlertBehaviour=ignore, rotatable=false, networkConnectionEnabled=false, chrome={chromedriverVersion=112.0.5615.49 (bd2a7bcb881c11e8cfe3078709382934e3916914-refs/branch-heads/5615@{#936}), userDataDir=C:\Users\Admin\AppData\Local\Temp\scoped_dir12312_1771019896}, takesHeapSnapshot=true, pageLoadStrategy=normal, strictFileInteractability=false, databaseEnabled=false, handlesAlerts=true, version=112.0.5615.138, browserConnectionEnabled=false, proxy={}, nativeEvents=true, webauthn:extension:minPinLength=true, webauthn:extension:prf=true, locationContextEnabled=true, cssSelectorsEnabled=true, webauthn:virtualAuthenticators=true}]
Session ID: c5708698b8246bb3a10e427c76e626c0
*** Element info: {Using=xpath, value=//h4[contains(text(),&#039;카파 로그인&#039;)]}" type="java.lang.AssertionError">
      <![CDATA[java.lang.AssertionError: Qua thoi gian nhung khong thay hoac thay doi tuong no such element: Unable to locate element: {"method":"xpath","selector":"//h4[contains(text(),'카파 로그인')]"}
  (Session info: chrome=112.0.5615.138)
  (Driver info: chromedriver=112.0.5615.49 (bd2a7bcb881c11e8cfe3078709382934e3916914-refs/branch-heads/5615@{#936}),platform=Windows NT 10.0.19045 x86_64) (WARNING: The server did not provide any stacktrace information)
Command duration or timeout: 24 milliseconds
For documentation on this error, please visit: http://seleniumhq.org/exceptions/no_such_element.html
Build info: version: '2.53.1', revision: 'a36b8b1cd5757287168e54b817830adce9b0158d', time: '2016-06-30 19:26:09'
System info: host: 'Admin-PC', ip: '192.168.1.62', os.name: 'Windows 10', os.arch: 'amd64', os.version: '10.0', java.version: '17.0.7'
Driver info: org.openqa.selenium.chrome.ChromeDriver
Capabilities [{mobileEmulationEnabled=false, timeouts={implicit=0, pageLoad=300000, script=30000}, hasTouchScreen=false, platform=XP, acceptSslCerts=false, goog:chromeOptions={debuggerAddress=localhost:54112}, webauthn:extension:credBlob=true, acceptInsecureCerts=false, webStorageEnabled=true, browserName=chrome, takesScreenshot=true, javascriptEnabled=true, setWindowRect=true, webauthn:extension:largeBlob=true, unexpectedAlertBehaviour=ignore, rotatable=false, networkConnectionEnabled=false, chrome={chromedriverVersion=112.0.5615.49 (bd2a7bcb881c11e8cfe3078709382934e3916914-refs/branch-heads/5615@{#936}), userDataDir=C:\Users\Admin\AppData\Local\Temp\scoped_dir12312_1771019896}, takesHeapSnapshot=true, pageLoadStrategy=normal, strictFileInteractability=false, databaseEnabled=false, handlesAlerts=true, version=112.0.5615.138, browserConnectionEnabled=false, proxy={}, nativeEvents=true, webauthn:extension:minPinLength=true, webauthn:extension:prf=true, locationContextEnabled=true, cssSelectorsEnabled=true, webauthn:virtualAuthenticators=true}]
Session ID: c5708698b8246bb3a10e427c76e626c0
*** Element info: {Using=xpath, value=//h4[contains(text(),'카파 로그인')]}
	at org.testng.Assert.fail(Assert.java:94)
	at automation.common.CommonBase.checkCycling(CommonBase.java:339)
	at automation.common.CommonBase.getDisplayedElement(CommonBase.java:214)
	at automation.common.CommonBase.getDisplayedElement(CommonBase.java:216)
	at automation.common.CommonBase.getDisplayedElement(CommonBase.java:216)
	at automation.common.CommonBase.getDisplayedElement(CommonBase.java:216)
	at automation.common.CommonBase.getDisplayedElement(CommonBase.java:216)
	at automation.common.CommonBase.getDisplayedElement(CommonBase.java:216)
	at automation.common.CommonBase.getDisplayedElement(CommonBase.java:216)
	at automation.common.CommonBase.getDisplayedElement(CommonBase.java:216)
	at automation.common.CommonBase.getDisplayedElement(CommonBase.java:216)
	at automation.common.CommonBase.getDisplayedElement(CommonBase.java:216)
	at automation.common.CommonBase.getDisplayedElement(CommonBase.java:216)
	at automation.common.CommonBase.getDisplayedElement(CommonBase.java:216)
	at automation.common.CommonBase.getDisplayedElement(CommonBase.java:216)
	at automation.common.CommonBase.getDisplayedElement(CommonBase.java:216)
	at automation.common.CommonBase.getDisplayedElement(CommonBase.java:216)
	at automation.common.CommonBase.getDisplayedElement(CommonBase.java:216)
	at automation.common.CommonBase.getDisplayedElement(CommonBase.java:216)
	at automation.common.CommonBase.getDisplayedElement(CommonBase.java:216)
	at automation.common.CommonBase.getDisplayedElement(CommonBase.java:216)
	at automation.common.CommonBase.getDisplayedElement(CommonBase.java:216)
	at automation.common.CommonBase.getDisplayedElement(CommonBase.java:216)
	at automation.common.CommonBase.getDisplayedElement(CommonBase.java:216)
	at automation.common.CommonBase.getElementPresent(CommonBase.java:361)
	at automation.testsuite.TS_EpicLogin_CAPA.CA_1_Login_1(TS_EpicLogin_CAPA.java:19)
	at java.base/jdk.internal.reflect.NativeMethodAccessorImpl.invoke0(Native Method)
	at java.base/jdk.internal.reflect.NativeMethodAccessorImpl.invoke(NativeMethodAccessorImpl.java:77)
	at java.base/jdk.internal.reflect.DelegatingMethodAccessorImpl.invoke(DelegatingMethodAccessorImpl.java:43)
	at java.base/java.lang.reflect.Method.invoke(Method.java:568)
	at org.testng.internal.MethodInvocationHelper.invokeMethod(MethodInvocationHelper.java:86)
	at org.testng.internal.Invoker.invokeMethod(Invoker.java:643)
	at org.testng.internal.Invoker.invokeTestMethod(Invoker.java:820)
	at org.testng.internal.Invoker.invokeTestMethods(Invoker.java:1128)
	at org.testng.internal.TestMethodWorker.invokeTestMethods(TestMethodWorker.java:129)
	at org.testng.internal.TestMethodWorker.run(TestMethodWorker.java:112)
	at org.testng.TestRunner.privateRun(TestRunner.java:782)
	at org.testng.TestRunner.run(TestRunner.java:632)
	at org.testng.SuiteRunner.runTest(SuiteRunner.java:366)
	at org.testng.SuiteRunner.runSequentially(SuiteRunner.java:361)
	at org.testng.SuiteRunner.privateRun(SuiteRunner.java:319)
	at org.testng.SuiteRunner.run(SuiteRunner.java:268)
	at org.testng.SuiteRunnerWorker.runSuite(SuiteRunnerWorker.java:52)
	at org.testng.SuiteRunnerWorker.run(SuiteRunnerWorker.java:86)
	at org.testng.TestNG.runSuitesSequentially(TestNG.java:1244)
	at org.testng.TestNG.runSuitesLocally(TestNG.java:1169)
	at org.testng.TestNG.run(TestNG.java:1064)
	at org.testng.remote.AbstractRemoteTestNG.run(AbstractRemoteTestNG.java:115)
	at org.testng.remote.RemoteTestNG.initAndRun(RemoteTestNG.java:251)
	at org.testng.remote.RemoteTestNG.main(RemoteTestNG.java:77)
]]>
    </failure>
  </testcase> <!-- CA_1_Login_1 -->
</testsuite> <!-- automation.testsuite.TS_EpicLogin_CAPA -->
