<?xml version="1.0" encoding="UTF-8"?>
<!-- Generated by org.testng.reporters.JUnitReportReporter -->
<testsuite hostname="vtt-cntt-l-77-HP-ProDesk-400-G5-MT-IDS-APJ" name="org.selenium.automationtest.testsuite.TS_IM_QLK_Nhap_hang_tu_doitac_file" tests="2" failures="1" timestamp="4 Nov 2019 03:01:14 GMT" time="107.458" errors="0">
  <testcase name="TC001_QLKHO_NHAPHANG_DOITAC_FILE" time="87.413" classname="org.selenium.automationtest.testsuite.TS_IM_QLK_Nhap_hang_tu_doitac_file">
    <failure type="java.lang.AssertionError" message="Qua thoi gian nhung khong thay hoac thay doi tuong no such element: Unable to locate element: {&quot;method&quot;:&quot;xpath&quot;,&quot;selector&quot;:&quot;//span[contains(text(),&#039;Nhập thành công 7/7 Serial/IMEI&#039;)]&quot;}
  (Session info: chrome=73.0.3683.104)
  (Driver info: chromedriver=73.0.3683.68 (47787ec04b6e38e22703e856e101e840b65afe72),platform=Linux 4.15.0-54-generic x86_64) (WARNING: The server did not provide any stacktrace information)
Command duration or timeout: 27 milliseconds
For documentation on this error, please visit: http://seleniumhq.org/exceptions/no_such_element.html
Build info: version: &#039;2.53.1&#039;, revision: &#039;a36b8b1cd5757287168e54b817830adce9b0158d&#039;, time: &#039;2016-06-30 19:26:09&#039;
System info: host: &#039;vtt-cntt-l-77-HP-ProDesk-400-G5-MT-IDS-APJ&#039;, ip: &#039;127.0.1.1&#039;, os.name: &#039;Linux&#039;, os.arch: &#039;amd64&#039;, os.version: &#039;4.15.0-54-generic&#039;, java.version: &#039;1.8.0_212&#039;
Driver info: org.openqa.selenium.chrome.ChromeDriver
Capabilities [{mobileEmulationEnabled=false, timeouts={implicit=0, pageLoad=300000, script=30000}, hasTouchScreen=false, platform=LINUX, acceptSslCerts=false, goog:chromeOptions={debuggerAddress=localhost:37143}, acceptInsecureCerts=false, webStorageEnabled=true, browserName=chrome, takesScreenshot=true, javascriptEnabled=true, setWindowRect=true, unexpectedAlertBehaviour=ignore, applicationCacheEnabled=false, rotatable=false, networkConnectionEnabled=false, chrome={chromedriverVersion=73.0.3683.68 (47787ec04b6e38e22703e856e101e840b65afe72), userDataDir=/tmp/.com.google.Chrome.TDi570}, takesHeapSnapshot=true, pageLoadStrategy=normal, strictFileInteractability=false, databaseEnabled=false, handlesAlerts=true, version=73.0.3683.104, browserConnectionEnabled=false, proxy={}, nativeEvents=true, locationContextEnabled=true, cssSelectorsEnabled=true}]
Session ID: 0c2c9f2694ea9e39e941c78f9d197c71
*** Element info: {Using=xpath, value=//span[contains(text(),&#039;Nhập thành công 7/7 Serial/IMEI&#039;)]}">
      <![CDATA[java.lang.AssertionError: Qua thoi gian nhung khong thay hoac thay doi tuong no such element: Unable to locate element: {"method":"xpath","selector":"//span[contains(text(),'Nhập thành công 7/7 Serial/IMEI')]"}
  (Session info: chrome=73.0.3683.104)
  (Driver info: chromedriver=73.0.3683.68 (47787ec04b6e38e22703e856e101e840b65afe72),platform=Linux 4.15.0-54-generic x86_64) (WARNING: The server did not provide any stacktrace information)
Command duration or timeout: 27 milliseconds
For documentation on this error, please visit: http://seleniumhq.org/exceptions/no_such_element.html
Build info: version: '2.53.1', revision: 'a36b8b1cd5757287168e54b817830adce9b0158d', time: '2016-06-30 19:26:09'
System info: host: 'vtt-cntt-l-77-HP-ProDesk-400-G5-MT-IDS-APJ', ip: '127.0.1.1', os.name: 'Linux', os.arch: 'amd64', os.version: '4.15.0-54-generic', java.version: '1.8.0_212'
Driver info: org.openqa.selenium.chrome.ChromeDriver
Capabilities [{mobileEmulationEnabled=false, timeouts={implicit=0, pageLoad=300000, script=30000}, hasTouchScreen=false, platform=LINUX, acceptSslCerts=false, goog:chromeOptions={debuggerAddress=localhost:37143}, acceptInsecureCerts=false, webStorageEnabled=true, browserName=chrome, takesScreenshot=true, javascriptEnabled=true, setWindowRect=true, unexpectedAlertBehaviour=ignore, applicationCacheEnabled=false, rotatable=false, networkConnectionEnabled=false, chrome={chromedriverVersion=73.0.3683.68 (47787ec04b6e38e22703e856e101e840b65afe72), userDataDir=/tmp/.com.google.Chrome.TDi570}, takesHeapSnapshot=true, pageLoadStrategy=normal, strictFileInteractability=false, databaseEnabled=false, handlesAlerts=true, version=73.0.3683.104, browserConnectionEnabled=false, proxy={}, nativeEvents=true, locationContextEnabled=true, cssSelectorsEnabled=true}]
Session ID: 0c2c9f2694ea9e39e941c78f9d197c71
*** Element info: {Using=xpath, value=//span[contains(text(),'Nhập thành công 7/7 Serial/IMEI')]}
	at org.testng.Assert.fail(Assert.java:94)
	at org.selenium.automationtest.common.CommonBase.checkCycling(CommonBase.java:317)
	at org.selenium.automationtest.common.CommonBase.getDisplayedElement(CommonBase.java:245)
	at org.selenium.automationtest.common.CommonBase.getDisplayedElement(CommonBase.java:247)
	at org.selenium.automationtest.common.CommonBase.getDisplayedElement(CommonBase.java:247)
	at org.selenium.automationtest.common.CommonBase.getDisplayedElement(CommonBase.java:247)
	at org.selenium.automationtest.common.CommonBase.getDisplayedElement(CommonBase.java:247)
	at org.selenium.automationtest.common.CommonBase.getDisplayedElement(CommonBase.java:247)
	at org.selenium.automationtest.common.CommonBase.getDisplayedElement(CommonBase.java:247)
	at org.selenium.automationtest.common.CommonBase.getDisplayedElement(CommonBase.java:247)
	at org.selenium.automationtest.common.CommonBase.getDisplayedElement(CommonBase.java:247)
	at org.selenium.automationtest.common.CommonBase.getDisplayedElement(CommonBase.java:247)
	at org.selenium.automationtest.common.CommonBase.getDisplayedElement(CommonBase.java:247)
	at org.selenium.automationtest.common.CommonBase.getDisplayedElement(CommonBase.java:247)
	at org.selenium.automationtest.common.CommonBase.getDisplayedElement(CommonBase.java:247)
	at org.selenium.automationtest.common.CommonBase.getDisplayedElement(CommonBase.java:247)
	at org.selenium.automationtest.common.CommonBase.getDisplayedElement(CommonBase.java:247)
	at org.selenium.automationtest.common.CommonBase.getDisplayedElement(CommonBase.java:247)
	at org.selenium.automationtest.common.CommonBase.getDisplayedElement(CommonBase.java:247)
	at org.selenium.automationtest.common.CommonBase.getDisplayedElement(CommonBase.java:247)
	at org.selenium.automationtest.common.CommonBase.getDisplayedElement(CommonBase.java:247)
	at org.selenium.automationtest.common.CommonBase.getDisplayedElement(CommonBase.java:247)
	at org.selenium.automationtest.common.CommonBase.getDisplayedElement(CommonBase.java:247)
	at org.selenium.automationtest.common.CommonBase.getDisplayedElement(CommonBase.java:247)
	at org.selenium.automationtest.common.CommonBase.getDisplayedElement(CommonBase.java:247)
	at org.selenium.automationtest.common.CommonBase.getDisplayedElement(CommonBase.java:247)
	at org.selenium.automationtest.common.CommonBase.getDisplayedElement(CommonBase.java:247)
	at org.selenium.automationtest.common.CommonBase.getDisplayedElement(CommonBase.java:247)
	at org.selenium.automationtest.common.CommonBase.getDisplayedElement(CommonBase.java:247)
	at org.selenium.automationtest.common.CommonBase.getDisplayedElement(CommonBase.java:247)
	at org.selenium.automationtest.common.CommonBase.getDisplayedElement(CommonBase.java:247)
	at org.selenium.automationtest.common.CommonBase.getDisplayedElement(CommonBase.java:247)
	at org.selenium.automationtest.common.CommonBase.getDisplayedElement(CommonBase.java:247)
	at org.selenium.automationtest.common.CommonBase.getDisplayedElement(CommonBase.java:247)
	at org.selenium.automationtest.common.CommonBase.getDisplayedElement(CommonBase.java:247)
	at org.selenium.automationtest.common.CommonBase.getDisplayedElement(CommonBase.java:247)
	at org.selenium.automationtest.common.CommonBase.getDisplayedElement(CommonBase.java:247)
	at org.selenium.automationtest.common.CommonBase.getDisplayedElement(CommonBase.java:247)
	at org.selenium.automationtest.common.CommonBase.getDisplayedElement(CommonBase.java:247)
	at org.selenium.automationtest.common.CommonBase.getDisplayedElement(CommonBase.java:247)
	at org.selenium.automationtest.common.CommonBase.getDisplayedElement(CommonBase.java:247)
	at org.selenium.automationtest.common.CommonBase.getDisplayedElement(CommonBase.java:247)
	at org.selenium.automationtest.common.CommonBase.getDisplayedElement(CommonBase.java:247)
	at org.selenium.automationtest.common.CommonBase.getDisplayedElement(CommonBase.java:247)
	at org.selenium.automationtest.common.CommonBase.getElementPresent(CommonBase.java:338)
	at org.selenium.automationtest.testsuite.TS_IM_QLK_Nhap_hang_tu_doitac_file.TC001_QLKHO_NHAPHANG_DOITAC_FILE(TS_IM_QLK_Nhap_hang_tu_doitac_file.java:77)
	at sun.reflect.NativeMethodAccessorImpl.invoke0(Native Method)
	at sun.reflect.NativeMethodAccessorImpl.invoke(NativeMethodAccessorImpl.java:62)
	at sun.reflect.DelegatingMethodAccessorImpl.invoke(DelegatingMethodAccessorImpl.java:43)
	at java.lang.reflect.Method.invoke(Method.java:498)
	at org.testng.internal.MethodInvocationHelper.invokeMethod(MethodInvocationHelper.java:86)
	at org.testng.internal.Invoker.invokeMethod(Invoker.java:643)
	at org.testng.internal.Invoker.invokeTestMethod(Invoker.java:820)
	at org.testng.internal.Invoker.invokeTestMethods(Invoker.java:1128)
	at org.testng.internal.TestMethodWorker.invokeTestMethods(TestMethodWorker.java:129)
	at org.testng.internal.TestMethodWorker.run(TestMethodWorker.java:112)
	at org.testng.TestRunner.privateRun(TestRunner.java:782)
	at org.testng.TestRunner.run(TestRunner.java:632)
	at org.testng.SuiteRunner.runTest(SuiteRunner.java:366)
	at org.testng.SuiteRunner.runSequentially(SuiteRunner.java:361)
	at org.testng.SuiteRunner.privateRun(SuiteRunner.java:319)
	at org.testng.SuiteRunner.run(SuiteRunner.java:268)
	at org.testng.SuiteRunnerWorker.runSuite(SuiteRunnerWorker.java:52)
	at org.testng.SuiteRunnerWorker.run(SuiteRunnerWorker.java:86)
	at org.testng.TestNG.runSuitesSequentially(TestNG.java:1244)
	at org.testng.TestNG.runSuitesLocally(TestNG.java:1169)
	at org.testng.TestNG.run(TestNG.java:1064)
	at org.testng.remote.AbstractRemoteTestNG.run(AbstractRemoteTestNG.java:115)
	at org.testng.remote.RemoteTestNG.initAndRun(RemoteTestNG.java:251)
	at org.testng.remote.RemoteTestNG.main(RemoteTestNG.java:77)
]]>
    </failure>
  </testcase> <!-- TC001_QLKHO_NHAPHANG_DOITAC_FILE -->
  <testcase name="TC000_ChuanBiDL" time="20.045" classname="org.selenium.automationtest.testsuite.TS_IM_QLK_Nhap_hang_tu_doitac_file"/>
</testsuite> <!-- org.selenium.automationtest.testsuite.TS_IM_QLK_Nhap_hang_tu_doitac_file -->
