<?xml version="1.0" encoding="UTF-8"?>
<!-- Generated by org.testng.reporters.JUnitReportReporter -->
<testsuite hostname="vtt-cntt-l-77-HP-ProDesk-400-G5-MT-IDS-APJ" name="org.selenium.automationtest.testsuite.TS_BanHang_BanPhat" tests="1" failures="1" timestamp="7 Oct 2019 02:02:58 GMT" time="79.865" errors="0">
  <testcase name="TC_002_BanPhat_HANDSET" time="79.865" classname="org.selenium.automationtest.testsuite.TS_BanHang_BanPhat">
    <failure type="java.lang.AssertionError" message="Qua thoi gian nhung khong thay hoac thay doi tuong no such element: Unable to locate element: {&quot;method&quot;:&quot;xpath&quot;,&quot;selector&quot;:&quot;//*[@id=&#039;frmRetailStore:tblTreeSell_data&#039;]//input&quot;}
  (Session info: chrome=73.0.3683.104)
  (Driver info: chromedriver=73.0.3683.68 (47787ec04b6e38e22703e856e101e840b65afe72),platform=Linux 4.15.0-54-generic x86_64) (WARNING: The server did not provide any stacktrace information)
Command duration or timeout: 13 milliseconds
For documentation on this error, please visit: http://seleniumhq.org/exceptions/no_such_element.html
Build info: version: &#039;2.53.1&#039;, revision: &#039;a36b8b1cd5757287168e54b817830adce9b0158d&#039;, time: &#039;2016-06-30 19:26:09&#039;
System info: host: &#039;vtt-cntt-l-77-HP-ProDesk-400-G5-MT-IDS-APJ&#039;, ip: &#039;127.0.1.1&#039;, os.name: &#039;Linux&#039;, os.arch: &#039;amd64&#039;, os.version: &#039;4.15.0-54-generic&#039;, java.version: &#039;1.8.0_212&#039;
Driver info: org.openqa.selenium.chrome.ChromeDriver
Capabilities [{mobileEmulationEnabled=false, timeouts={implicit=0, pageLoad=300000, script=30000}, hasTouchScreen=false, platform=LINUX, acceptSslCerts=false, goog:chromeOptions={debuggerAddress=localhost:38087}, acceptInsecureCerts=false, webStorageEnabled=true, browserName=chrome, takesScreenshot=true, javascriptEnabled=true, setWindowRect=true, unexpectedAlertBehaviour=ignore, applicationCacheEnabled=false, rotatable=false, networkConnectionEnabled=false, chrome={chromedriverVersion=73.0.3683.68 (47787ec04b6e38e22703e856e101e840b65afe72), userDataDir=/tmp/.com.google.Chrome.rHt6kX}, takesHeapSnapshot=true, pageLoadStrategy=normal, strictFileInteractability=false, databaseEnabled=false, handlesAlerts=true, version=73.0.3683.104, browserConnectionEnabled=false, proxy={}, nativeEvents=true, locationContextEnabled=true, cssSelectorsEnabled=true}]
Session ID: 705f81957fce08a16015e3f4ef1b764c
*** Element info: {Using=xpath, value=//*[@id=&#039;frmRetailStore:tblTreeSell_data&#039;]//input}">
      <![CDATA[java.lang.AssertionError: Qua thoi gian nhung khong thay hoac thay doi tuong no such element: Unable to locate element: {"method":"xpath","selector":"//*[@id='frmRetailStore:tblTreeSell_data']//input"}
  (Session info: chrome=73.0.3683.104)
  (Driver info: chromedriver=73.0.3683.68 (47787ec04b6e38e22703e856e101e840b65afe72),platform=Linux 4.15.0-54-generic x86_64) (WARNING: The server did not provide any stacktrace information)
Command duration or timeout: 13 milliseconds
For documentation on this error, please visit: http://seleniumhq.org/exceptions/no_such_element.html
Build info: version: '2.53.1', revision: 'a36b8b1cd5757287168e54b817830adce9b0158d', time: '2016-06-30 19:26:09'
System info: host: 'vtt-cntt-l-77-HP-ProDesk-400-G5-MT-IDS-APJ', ip: '127.0.1.1', os.name: 'Linux', os.arch: 'amd64', os.version: '4.15.0-54-generic', java.version: '1.8.0_212'
Driver info: org.openqa.selenium.chrome.ChromeDriver
Capabilities [{mobileEmulationEnabled=false, timeouts={implicit=0, pageLoad=300000, script=30000}, hasTouchScreen=false, platform=LINUX, acceptSslCerts=false, goog:chromeOptions={debuggerAddress=localhost:38087}, acceptInsecureCerts=false, webStorageEnabled=true, browserName=chrome, takesScreenshot=true, javascriptEnabled=true, setWindowRect=true, unexpectedAlertBehaviour=ignore, applicationCacheEnabled=false, rotatable=false, networkConnectionEnabled=false, chrome={chromedriverVersion=73.0.3683.68 (47787ec04b6e38e22703e856e101e840b65afe72), userDataDir=/tmp/.com.google.Chrome.rHt6kX}, takesHeapSnapshot=true, pageLoadStrategy=normal, strictFileInteractability=false, databaseEnabled=false, handlesAlerts=true, version=73.0.3683.104, browserConnectionEnabled=false, proxy={}, nativeEvents=true, locationContextEnabled=true, cssSelectorsEnabled=true}]
Session ID: 705f81957fce08a16015e3f4ef1b764c
*** Element info: {Using=xpath, value=//*[@id='frmRetailStore:tblTreeSell_data']//input}
	at org.testng.Assert.fail(Assert.java:94)
	at org.selenium.automationtest.common.CommonBase.checkCycling(CommonBase.java:315)
	at org.selenium.automationtest.common.CommonBase.getDisplayedElement(CommonBase.java:243)
	at org.selenium.automationtest.common.CommonBase.getDisplayedElement(CommonBase.java:245)
	at org.selenium.automationtest.common.CommonBase.getDisplayedElement(CommonBase.java:245)
	at org.selenium.automationtest.common.CommonBase.getDisplayedElement(CommonBase.java:245)
	at org.selenium.automationtest.common.CommonBase.getDisplayedElement(CommonBase.java:245)
	at org.selenium.automationtest.common.CommonBase.getDisplayedElement(CommonBase.java:245)
	at org.selenium.automationtest.common.CommonBase.getDisplayedElement(CommonBase.java:245)
	at org.selenium.automationtest.common.CommonBase.getDisplayedElement(CommonBase.java:245)
	at org.selenium.automationtest.common.CommonBase.getDisplayedElement(CommonBase.java:245)
	at org.selenium.automationtest.common.CommonBase.getDisplayedElement(CommonBase.java:245)
	at org.selenium.automationtest.common.CommonBase.getDisplayedElement(CommonBase.java:245)
	at org.selenium.automationtest.common.CommonBase.getDisplayedElement(CommonBase.java:245)
	at org.selenium.automationtest.common.CommonBase.getDisplayedElement(CommonBase.java:245)
	at org.selenium.automationtest.common.CommonBase.getDisplayedElement(CommonBase.java:245)
	at org.selenium.automationtest.common.CommonBase.getDisplayedElement(CommonBase.java:245)
	at org.selenium.automationtest.common.CommonBase.getDisplayedElement(CommonBase.java:245)
	at org.selenium.automationtest.common.CommonBase.getDisplayedElement(CommonBase.java:245)
	at org.selenium.automationtest.common.CommonBase.getDisplayedElement(CommonBase.java:245)
	at org.selenium.automationtest.common.CommonBase.getDisplayedElement(CommonBase.java:245)
	at org.selenium.automationtest.common.CommonBase.getDisplayedElement(CommonBase.java:245)
	at org.selenium.automationtest.common.CommonBase.getDisplayedElement(CommonBase.java:245)
	at org.selenium.automationtest.common.CommonBase.getDisplayedElement(CommonBase.java:245)
	at org.selenium.automationtest.common.CommonBase.getDisplayedElement(CommonBase.java:245)
	at org.selenium.automationtest.common.CommonBase.getDisplayedElement(CommonBase.java:245)
	at org.selenium.automationtest.common.CommonBase.getDisplayedElement(CommonBase.java:245)
	at org.selenium.automationtest.common.CommonBase.getDisplayedElement(CommonBase.java:245)
	at org.selenium.automationtest.common.CommonBase.getDisplayedElement(CommonBase.java:245)
	at org.selenium.automationtest.common.CommonBase.getDisplayedElement(CommonBase.java:245)
	at org.selenium.automationtest.common.CommonBase.getDisplayedElement(CommonBase.java:245)
	at org.selenium.automationtest.common.CommonBase.getDisplayedElement(CommonBase.java:245)
	at org.selenium.automationtest.common.CommonBase.getDisplayedElement(CommonBase.java:245)
	at org.selenium.automationtest.common.CommonBase.getDisplayedElement(CommonBase.java:245)
	at org.selenium.automationtest.common.CommonBase.getDisplayedElement(CommonBase.java:245)
	at org.selenium.automationtest.common.CommonBase.getDisplayedElement(CommonBase.java:245)
	at org.selenium.automationtest.common.CommonBase.getDisplayedElement(CommonBase.java:245)
	at org.selenium.automationtest.common.CommonBase.getDisplayedElement(CommonBase.java:245)
	at org.selenium.automationtest.common.CommonBase.getDisplayedElement(CommonBase.java:245)
	at org.selenium.automationtest.common.CommonBase.getDisplayedElement(CommonBase.java:245)
	at org.selenium.automationtest.common.CommonBase.getDisplayedElement(CommonBase.java:245)
	at org.selenium.automationtest.common.CommonBase.getDisplayedElement(CommonBase.java:245)
	at org.selenium.automationtest.common.CommonBase.getDisplayedElement(CommonBase.java:245)
	at org.selenium.automationtest.common.CommonBase.getDisplayedElement(CommonBase.java:245)
	at org.selenium.automationtest.common.CommonBase.getElementPresent(CommonBase.java:336)
	at org.selenium.automationtest.common.CommonBase.getValue(CommonBase.java:417)
	at org.selenium.automationtest.testsuite.TS_BanHang_BanPhat.TC_002_BanPhat_HANDSET(TS_BanHang_BanPhat.java:175)
	at sun.reflect.NativeMethodAccessorImpl.invoke0(Native Method)
	at sun.reflect.NativeMethodAccessorImpl.invoke(NativeMethodAccessorImpl.java:62)
	at sun.reflect.DelegatingMethodAccessorImpl.invoke(DelegatingMethodAccessorImpl.java:43)
	at java.lang.reflect.Method.invoke(Method.java:498)
	at org.testng.internal.MethodInvocationHelper.invokeMethod(MethodInvocationHelper.java:86)
	at org.testng.internal.Invoker.invokeMethod(Invoker.java:643)
	at org.testng.internal.Invoker.invokeTestMethod(Invoker.java:820)
	at org.testng.internal.Invoker.invokeTestMethods(Invoker.java:1128)
	at org.testng.internal.TestMethodWorker.invokeTestMethods(TestMethodWorker.java:129)
	at org.testng.internal.TestMethodWorker.run(TestMethodWorker.java:112)
	at org.testng.TestRunner.privateRun(TestRunner.java:782)
	at org.testng.TestRunner.run(TestRunner.java:632)
	at org.testng.SuiteRunner.runTest(SuiteRunner.java:366)
	at org.testng.SuiteRunner.runSequentially(SuiteRunner.java:361)
	at org.testng.SuiteRunner.privateRun(SuiteRunner.java:319)
	at org.testng.SuiteRunner.run(SuiteRunner.java:268)
	at org.testng.SuiteRunnerWorker.runSuite(SuiteRunnerWorker.java:52)
	at org.testng.SuiteRunnerWorker.run(SuiteRunnerWorker.java:86)
	at org.testng.TestNG.runSuitesSequentially(TestNG.java:1244)
	at org.testng.TestNG.runSuitesLocally(TestNG.java:1169)
	at org.testng.TestNG.run(TestNG.java:1064)
	at org.testng.remote.AbstractRemoteTestNG.run(AbstractRemoteTestNG.java:115)
	at org.testng.remote.RemoteTestNG.initAndRun(RemoteTestNG.java:251)
	at org.testng.remote.RemoteTestNG.main(RemoteTestNG.java:77)
]]>
    </failure>
  </testcase> <!-- TC_002_BanPhat_HANDSET -->
</testsuite> <!-- org.selenium.automationtest.testsuite.TS_BanHang_BanPhat -->
