<?xml version="1.0" encoding="UTF-8"?>
<!-- Generated by org.testng.reporters.JUnitReportReporter -->
<testsuite hostname="vtt-cntt-l-77-HP-ProDesk-400-G5-MT-IDS-APJ" name="org.selenium.automationtest.testsuite.TS_IM_QLK_XNDT_Capnhat_sim_theofile" tests="3" failures="2" timestamp="18 Dec 2019 12:24:07 GMT" time="76.316" errors="0">
  <testcase name="TC_001_QLKHO_CAPNHAT_SIM_FILE" time="34.124" classname="org.selenium.automationtest.testsuite.TS_IM_QLK_XNDT_Capnhat_sim_theofile">
    <failure type="java.lang.AssertionError" message="Qua thoi gian nhung khong thay hoac thay doi tuong no such element: Unable to locate element: {&quot;method&quot;:&quot;xpath&quot;,&quot;selector&quot;:&quot;//div[@id=&#039;frmPartnerUpdateSim:cplProductOffer_panel&#039;]//tr[@role =&#039;option&#039; and @data-item-label=&#039;SIMTT-SIM_TRANG_TRA_TRUOC&#039;]&quot;}
  (Session info: chrome=76.0.3809.87)
  (Driver info: chromedriver=76.0.3809.126 (d80a294506b4c9d18015e755cee48f953ddc3f2f-refs/branch-heads/3809@{#1024}),platform=Linux 4.15.0-70-generic x86_64) (WARNING: The server did not provide any stacktrace information)
Command duration or timeout: 8 milliseconds
For documentation on this error, please visit: http://seleniumhq.org/exceptions/no_such_element.html
Build info: version: &#039;2.53.1&#039;, revision: &#039;a36b8b1cd5757287168e54b817830adce9b0158d&#039;, time: &#039;2016-06-30 19:26:09&#039;
System info: host: &#039;vtt-cntt-l-77-HP-ProDesk-400-G5-MT-IDS-APJ&#039;, ip: &#039;127.0.1.1&#039;, os.name: &#039;Linux&#039;, os.arch: &#039;amd64&#039;, os.version: &#039;4.15.0-70-generic&#039;, java.version: &#039;1.8.0_222&#039;
Driver info: org.openqa.selenium.chrome.ChromeDriver
Capabilities [{mobileEmulationEnabled=false, timeouts={implicit=0, pageLoad=300000, script=30000}, hasTouchScreen=false, platform=LINUX, acceptSslCerts=false, goog:chromeOptions={debuggerAddress=localhost:42859}, acceptInsecureCerts=false, webStorageEnabled=true, browserName=chrome, takesScreenshot=true, javascriptEnabled=true, setWindowRect=true, unexpectedAlertBehaviour=ignore, applicationCacheEnabled=false, rotatable=false, networkConnectionEnabled=false, chrome={chromedriverVersion=76.0.3809.126 (d80a294506b4c9d18015e755cee48f953ddc3f2f-refs/branch-heads/3809@{#1024}), userDataDir=/tmp/.com.google.Chrome.4o51eS}, takesHeapSnapshot=true, pageLoadStrategy=normal, strictFileInteractability=false, databaseEnabled=false, handlesAlerts=true, version=76.0.3809.87, browserConnectionEnabled=false, proxy={}, nativeEvents=true, locationContextEnabled=true, cssSelectorsEnabled=true}]
Session ID: 585c46b7a30267dde69becf6e24182aa
*** Element info: {Using=xpath, value=//div[@id=&#039;frmPartnerUpdateSim:cplProductOffer_panel&#039;]//tr[@role =&#039;option&#039; and @data-item-label=&#039;SIMTT-SIM_TRANG_TRA_TRUOC&#039;]}">
      <![CDATA[java.lang.AssertionError: Qua thoi gian nhung khong thay hoac thay doi tuong no such element: Unable to locate element: {"method":"xpath","selector":"//div[@id='frmPartnerUpdateSim:cplProductOffer_panel']//tr[@role ='option' and @data-item-label='SIMTT-SIM_TRANG_TRA_TRUOC']"}
  (Session info: chrome=76.0.3809.87)
  (Driver info: chromedriver=76.0.3809.126 (d80a294506b4c9d18015e755cee48f953ddc3f2f-refs/branch-heads/3809@{#1024}),platform=Linux 4.15.0-70-generic x86_64) (WARNING: The server did not provide any stacktrace information)
Command duration or timeout: 8 milliseconds
For documentation on this error, please visit: http://seleniumhq.org/exceptions/no_such_element.html
Build info: version: '2.53.1', revision: 'a36b8b1cd5757287168e54b817830adce9b0158d', time: '2016-06-30 19:26:09'
System info: host: 'vtt-cntt-l-77-HP-ProDesk-400-G5-MT-IDS-APJ', ip: '127.0.1.1', os.name: 'Linux', os.arch: 'amd64', os.version: '4.15.0-70-generic', java.version: '1.8.0_222'
Driver info: org.openqa.selenium.chrome.ChromeDriver
Capabilities [{mobileEmulationEnabled=false, timeouts={implicit=0, pageLoad=300000, script=30000}, hasTouchScreen=false, platform=LINUX, acceptSslCerts=false, goog:chromeOptions={debuggerAddress=localhost:42859}, acceptInsecureCerts=false, webStorageEnabled=true, browserName=chrome, takesScreenshot=true, javascriptEnabled=true, setWindowRect=true, unexpectedAlertBehaviour=ignore, applicationCacheEnabled=false, rotatable=false, networkConnectionEnabled=false, chrome={chromedriverVersion=76.0.3809.126 (d80a294506b4c9d18015e755cee48f953ddc3f2f-refs/branch-heads/3809@{#1024}), userDataDir=/tmp/.com.google.Chrome.4o51eS}, takesHeapSnapshot=true, pageLoadStrategy=normal, strictFileInteractability=false, databaseEnabled=false, handlesAlerts=true, version=76.0.3809.87, browserConnectionEnabled=false, proxy={}, nativeEvents=true, locationContextEnabled=true, cssSelectorsEnabled=true}]
Session ID: 585c46b7a30267dde69becf6e24182aa
*** Element info: {Using=xpath, value=//div[@id='frmPartnerUpdateSim:cplProductOffer_panel']//tr[@role ='option' and @data-item-label='SIMTT-SIM_TRANG_TRA_TRUOC']}
	at org.testng.Assert.fail(Assert.java:94)
	at org.selenium.automationtest.common.CommonBase.checkCycling(CommonBase.java:388)
	at org.selenium.automationtest.common.CommonBase.getDisplayedElement(CommonBase.java:262)
	at org.selenium.automationtest.common.CommonBase.getDisplayedElement(CommonBase.java:264)
	at org.selenium.automationtest.common.CommonBase.getDisplayedElement(CommonBase.java:264)
	at org.selenium.automationtest.common.CommonBase.getDisplayedElement(CommonBase.java:264)
	at org.selenium.automationtest.common.CommonBase.getDisplayedElement(CommonBase.java:264)
	at org.selenium.automationtest.common.CommonBase.getDisplayedElement(CommonBase.java:264)
	at org.selenium.automationtest.common.CommonBase.getDisplayedElement(CommonBase.java:264)
	at org.selenium.automationtest.common.CommonBase.getDisplayedElement(CommonBase.java:264)
	at org.selenium.automationtest.common.CommonBase.getDisplayedElement(CommonBase.java:264)
	at org.selenium.automationtest.common.CommonBase.getDisplayedElement(CommonBase.java:264)
	at org.selenium.automationtest.common.CommonBase.getDisplayedElement(CommonBase.java:264)
	at org.selenium.automationtest.common.CommonBase.getDisplayedElement(CommonBase.java:264)
	at org.selenium.automationtest.common.CommonBase.getDisplayedElement(CommonBase.java:264)
	at org.selenium.automationtest.common.CommonBase.getDisplayedElement(CommonBase.java:264)
	at org.selenium.automationtest.common.CommonBase.getDisplayedElement(CommonBase.java:264)
	at org.selenium.automationtest.common.CommonBase.getDisplayedElement(CommonBase.java:264)
	at org.selenium.automationtest.common.CommonBase.getDisplayedElement(CommonBase.java:264)
	at org.selenium.automationtest.common.CommonBase.getDisplayedElement(CommonBase.java:264)
	at org.selenium.automationtest.common.CommonBase.getDisplayedElement(CommonBase.java:264)
	at org.selenium.automationtest.common.CommonBase.getDisplayedElement(CommonBase.java:264)
	at org.selenium.automationtest.common.CommonBase.getDisplayedElement(CommonBase.java:264)
	at org.selenium.automationtest.common.CommonBase.getDisplayedElement(CommonBase.java:264)
	at org.selenium.automationtest.common.CommonBase.getElementPresent(CommonBase.java:409)
	at org.selenium.automationtest.common.CommonBase.click(CommonBase.java:509)
	at org.selenium.automationtest.testsuite.TS_IM_QLK_XNDT_Capnhat_sim_theofile.TC_001_QLKHO_CAPNHAT_SIM_FILE(TS_IM_QLK_XNDT_Capnhat_sim_theofile.java:49)
	at sun.reflect.NativeMethodAccessorImpl.invoke0(Native Method)
	at sun.reflect.NativeMethodAccessorImpl.invoke(NativeMethodAccessorImpl.java:62)
	at sun.reflect.DelegatingMethodAccessorImpl.invoke(DelegatingMethodAccessorImpl.java:43)
	at java.lang.reflect.Method.invoke(Method.java:498)
	at org.testng.internal.MethodInvocationHelper.invokeMethod(MethodInvocationHelper.java:86)
	at org.testng.internal.Invoker.invokeMethod(Invoker.java:643)
	at org.testng.internal.Invoker.invokeTestMethod(Invoker.java:820)
	at org.testng.internal.Invoker.invokeTestMethods(Invoker.java:1128)
	at org.testng.internal.TestMethodWorker.invokeTestMethods(TestMethodWorker.java:129)
	at org.testng.internal.TestMethodWorker.run(TestMethodWorker.java:112)
	at org.testng.TestRunner.privateRun(TestRunner.java:782)
	at org.testng.TestRunner.run(TestRunner.java:632)
	at org.testng.SuiteRunner.runTest(SuiteRunner.java:366)
	at org.testng.SuiteRunner.runSequentially(SuiteRunner.java:361)
	at org.testng.SuiteRunner.privateRun(SuiteRunner.java:319)
	at org.testng.SuiteRunner.run(SuiteRunner.java:268)
	at org.testng.SuiteRunnerWorker.runSuite(SuiteRunnerWorker.java:52)
	at org.testng.SuiteRunnerWorker.run(SuiteRunnerWorker.java:86)
	at org.testng.TestNG.runSuitesSequentially(TestNG.java:1244)
	at org.testng.TestNG.runSuitesLocally(TestNG.java:1169)
	at org.testng.TestNG.run(TestNG.java:1064)
	at org.testng.remote.AbstractRemoteTestNG.run(AbstractRemoteTestNG.java:115)
	at org.testng.remote.RemoteTestNG.initAndRun(RemoteTestNG.java:251)
	at org.testng.remote.RemoteTestNG.main(RemoteTestNG.java:77)
]]>
    </failure>
  </testcase> <!-- TC_001_QLKHO_CAPNHAT_SIM_FILE -->
  <testcase name="TC_000_ChuanBiDL" time="8.538" classname="org.selenium.automationtest.testsuite.TS_IM_QLK_XNDT_Capnhat_sim_theofile"/>
  <testcase name="TC_002_QLK_CN_SIM_THEO_FILE" time="33.654" classname="org.selenium.automationtest.testsuite.TS_IM_QLK_XNDT_Capnhat_sim_theofile">
    <failure type="java.lang.AssertionError" message="Qua thoi gian nhung khong thay hoac thay doi tuong no such element: Unable to locate element: {&quot;method&quot;:&quot;xpath&quot;,&quot;selector&quot;:&quot;//div[@id=&#039;frmPartnerUpdateSim:cplProductOffer_panel&#039;]//tr[@role =&#039;option&#039; and @data-item-label=&#039;SIMTT-SIM_TRANG_TRA_TRUOC&#039;]&quot;}
  (Session info: chrome=76.0.3809.87)
  (Driver info: chromedriver=76.0.3809.126 (d80a294506b4c9d18015e755cee48f953ddc3f2f-refs/branch-heads/3809@{#1024}),platform=Linux 4.15.0-70-generic x86_64) (WARNING: The server did not provide any stacktrace information)
Command duration or timeout: 15 milliseconds
For documentation on this error, please visit: http://seleniumhq.org/exceptions/no_such_element.html
Build info: version: &#039;2.53.1&#039;, revision: &#039;a36b8b1cd5757287168e54b817830adce9b0158d&#039;, time: &#039;2016-06-30 19:26:09&#039;
System info: host: &#039;vtt-cntt-l-77-HP-ProDesk-400-G5-MT-IDS-APJ&#039;, ip: &#039;127.0.1.1&#039;, os.name: &#039;Linux&#039;, os.arch: &#039;amd64&#039;, os.version: &#039;4.15.0-70-generic&#039;, java.version: &#039;1.8.0_222&#039;
Driver info: org.openqa.selenium.chrome.ChromeDriver
Capabilities [{mobileEmulationEnabled=false, timeouts={implicit=0, pageLoad=300000, script=30000}, hasTouchScreen=false, platform=LINUX, acceptSslCerts=false, goog:chromeOptions={debuggerAddress=localhost:35855}, acceptInsecureCerts=false, webStorageEnabled=true, browserName=chrome, takesScreenshot=true, javascriptEnabled=true, setWindowRect=true, unexpectedAlertBehaviour=ignore, applicationCacheEnabled=false, rotatable=false, networkConnectionEnabled=false, chrome={chromedriverVersion=76.0.3809.126 (d80a294506b4c9d18015e755cee48f953ddc3f2f-refs/branch-heads/3809@{#1024}), userDataDir=/tmp/.com.google.Chrome.9tsdDI}, takesHeapSnapshot=true, pageLoadStrategy=normal, strictFileInteractability=false, databaseEnabled=false, handlesAlerts=true, version=76.0.3809.87, browserConnectionEnabled=false, proxy={}, nativeEvents=true, locationContextEnabled=true, cssSelectorsEnabled=true}]
Session ID: fcd82a98cce66f03567c00c68f362122
*** Element info: {Using=xpath, value=//div[@id=&#039;frmPartnerUpdateSim:cplProductOffer_panel&#039;]//tr[@role =&#039;option&#039; and @data-item-label=&#039;SIMTT-SIM_TRANG_TRA_TRUOC&#039;]}">
      <![CDATA[java.lang.AssertionError: Qua thoi gian nhung khong thay hoac thay doi tuong no such element: Unable to locate element: {"method":"xpath","selector":"//div[@id='frmPartnerUpdateSim:cplProductOffer_panel']//tr[@role ='option' and @data-item-label='SIMTT-SIM_TRANG_TRA_TRUOC']"}
  (Session info: chrome=76.0.3809.87)
  (Driver info: chromedriver=76.0.3809.126 (d80a294506b4c9d18015e755cee48f953ddc3f2f-refs/branch-heads/3809@{#1024}),platform=Linux 4.15.0-70-generic x86_64) (WARNING: The server did not provide any stacktrace information)
Command duration or timeout: 15 milliseconds
For documentation on this error, please visit: http://seleniumhq.org/exceptions/no_such_element.html
Build info: version: '2.53.1', revision: 'a36b8b1cd5757287168e54b817830adce9b0158d', time: '2016-06-30 19:26:09'
System info: host: 'vtt-cntt-l-77-HP-ProDesk-400-G5-MT-IDS-APJ', ip: '127.0.1.1', os.name: 'Linux', os.arch: 'amd64', os.version: '4.15.0-70-generic', java.version: '1.8.0_222'
Driver info: org.openqa.selenium.chrome.ChromeDriver
Capabilities [{mobileEmulationEnabled=false, timeouts={implicit=0, pageLoad=300000, script=30000}, hasTouchScreen=false, platform=LINUX, acceptSslCerts=false, goog:chromeOptions={debuggerAddress=localhost:35855}, acceptInsecureCerts=false, webStorageEnabled=true, browserName=chrome, takesScreenshot=true, javascriptEnabled=true, setWindowRect=true, unexpectedAlertBehaviour=ignore, applicationCacheEnabled=false, rotatable=false, networkConnectionEnabled=false, chrome={chromedriverVersion=76.0.3809.126 (d80a294506b4c9d18015e755cee48f953ddc3f2f-refs/branch-heads/3809@{#1024}), userDataDir=/tmp/.com.google.Chrome.9tsdDI}, takesHeapSnapshot=true, pageLoadStrategy=normal, strictFileInteractability=false, databaseEnabled=false, handlesAlerts=true, version=76.0.3809.87, browserConnectionEnabled=false, proxy={}, nativeEvents=true, locationContextEnabled=true, cssSelectorsEnabled=true}]
Session ID: fcd82a98cce66f03567c00c68f362122
*** Element info: {Using=xpath, value=//div[@id='frmPartnerUpdateSim:cplProductOffer_panel']//tr[@role ='option' and @data-item-label='SIMTT-SIM_TRANG_TRA_TRUOC']}
	at org.testng.Assert.fail(Assert.java:94)
	at org.selenium.automationtest.common.CommonBase.checkCycling(CommonBase.java:388)
	at org.selenium.automationtest.common.CommonBase.getDisplayedElement(CommonBase.java:262)
	at org.selenium.automationtest.common.CommonBase.getDisplayedElement(CommonBase.java:264)
	at org.selenium.automationtest.common.CommonBase.getDisplayedElement(CommonBase.java:264)
	at org.selenium.automationtest.common.CommonBase.getDisplayedElement(CommonBase.java:264)
	at org.selenium.automationtest.common.CommonBase.getDisplayedElement(CommonBase.java:264)
	at org.selenium.automationtest.common.CommonBase.getDisplayedElement(CommonBase.java:264)
	at org.selenium.automationtest.common.CommonBase.getDisplayedElement(CommonBase.java:264)
	at org.selenium.automationtest.common.CommonBase.getDisplayedElement(CommonBase.java:264)
	at org.selenium.automationtest.common.CommonBase.getDisplayedElement(CommonBase.java:264)
	at org.selenium.automationtest.common.CommonBase.getDisplayedElement(CommonBase.java:264)
	at org.selenium.automationtest.common.CommonBase.getDisplayedElement(CommonBase.java:264)
	at org.selenium.automationtest.common.CommonBase.getDisplayedElement(CommonBase.java:264)
	at org.selenium.automationtest.common.CommonBase.getDisplayedElement(CommonBase.java:264)
	at org.selenium.automationtest.common.CommonBase.getDisplayedElement(CommonBase.java:264)
	at org.selenium.automationtest.common.CommonBase.getDisplayedElement(CommonBase.java:264)
	at org.selenium.automationtest.common.CommonBase.getDisplayedElement(CommonBase.java:264)
	at org.selenium.automationtest.common.CommonBase.getDisplayedElement(CommonBase.java:264)
	at org.selenium.automationtest.common.CommonBase.getDisplayedElement(CommonBase.java:264)
	at org.selenium.automationtest.common.CommonBase.getDisplayedElement(CommonBase.java:264)
	at org.selenium.automationtest.common.CommonBase.getDisplayedElement(CommonBase.java:264)
	at org.selenium.automationtest.common.CommonBase.getDisplayedElement(CommonBase.java:264)
	at org.selenium.automationtest.common.CommonBase.getDisplayedElement(CommonBase.java:264)
	at org.selenium.automationtest.common.CommonBase.getElementPresent(CommonBase.java:409)
	at org.selenium.automationtest.common.CommonBase.click(CommonBase.java:509)
	at org.selenium.automationtest.testsuite.TS_IM_QLK_XNDT_Capnhat_sim_theofile.TC_002_QLK_CN_SIM_THEO_FILE(TS_IM_QLK_XNDT_Capnhat_sim_theofile.java:78)
	at sun.reflect.NativeMethodAccessorImpl.invoke0(Native Method)
	at sun.reflect.NativeMethodAccessorImpl.invoke(NativeMethodAccessorImpl.java:62)
	at sun.reflect.DelegatingMethodAccessorImpl.invoke(DelegatingMethodAccessorImpl.java:43)
	at java.lang.reflect.Method.invoke(Method.java:498)
	at org.testng.internal.MethodInvocationHelper.invokeMethod(MethodInvocationHelper.java:86)
	at org.testng.internal.Invoker.invokeMethod(Invoker.java:643)
	at org.testng.internal.Invoker.invokeTestMethod(Invoker.java:820)
	at org.testng.internal.Invoker.invokeTestMethods(Invoker.java:1128)
	at org.testng.internal.TestMethodWorker.invokeTestMethods(TestMethodWorker.java:129)
	at org.testng.internal.TestMethodWorker.run(TestMethodWorker.java:112)
	at org.testng.TestRunner.privateRun(TestRunner.java:782)
	at org.testng.TestRunner.run(TestRunner.java:632)
	at org.testng.SuiteRunner.runTest(SuiteRunner.java:366)
	at org.testng.SuiteRunner.runSequentially(SuiteRunner.java:361)
	at org.testng.SuiteRunner.privateRun(SuiteRunner.java:319)
	at org.testng.SuiteRunner.run(SuiteRunner.java:268)
	at org.testng.SuiteRunnerWorker.runSuite(SuiteRunnerWorker.java:52)
	at org.testng.SuiteRunnerWorker.run(SuiteRunnerWorker.java:86)
	at org.testng.TestNG.runSuitesSequentially(TestNG.java:1244)
	at org.testng.TestNG.runSuitesLocally(TestNG.java:1169)
	at org.testng.TestNG.run(TestNG.java:1064)
	at org.testng.remote.AbstractRemoteTestNG.run(AbstractRemoteTestNG.java:115)
	at org.testng.remote.RemoteTestNG.initAndRun(RemoteTestNG.java:251)
	at org.testng.remote.RemoteTestNG.main(RemoteTestNG.java:77)
]]>
    </failure>
  </testcase> <!-- TC_002_QLK_CN_SIM_THEO_FILE -->
</testsuite> <!-- org.selenium.automationtest.testsuite.TS_IM_QLK_XNDT_Capnhat_sim_theofile -->
