<?xml version="1.0" encoding="UTF-8"?>
<!-- Generated by org.testng.reporters.JUnitReportReporter -->
<testsuite hostname="vtt-cntt-l-77-HP-ProDesk-400-G5-MT-IDS-APJ" name="org.selenium.automationtest.testsuite.TS_QLK_XNDL_NhapKhoTuDL" tests="5" failures="1" timestamp="16 Dec 2019 07:55:31 GMT" time="426.728" errors="0">
  <testcase name="TC_003_NhapKhoTuDL_HangMoi" time="77.582" classname="org.selenium.automationtest.testsuite.TS_QLK_XNDL_NhapKhoTuDL">
    <failure type="java.lang.AssertionError" message="Timeout after 20000ms waiting for element not present: By.xpath: //*[@class=&#039;ui-dialog-title&#039; and text()=&#039;Vui lòng đợi trong giây lát&#039;]">
      <![CDATA[java.lang.AssertionError: Timeout after 20000ms waiting for element not present: By.xpath: //*[@class='ui-dialog-title' and text()='Vui lòng đợi trong giây lát']
	at org.selenium.automationtest.common.CommonBase.waitForElementNotPresent(CommonBase.java:621)
	at org.selenium.automationtest.testsuite.TS_QLK_XNDL_NhapKhoTuDL.TC_003_NhapKhoTuDL_HangMoi(TS_QLK_XNDL_NhapKhoTuDL.java:267)
	at sun.reflect.NativeMethodAccessorImpl.invoke0(Native Method)
	at sun.reflect.NativeMethodAccessorImpl.invoke(NativeMethodAccessorImpl.java:62)
	at sun.reflect.DelegatingMethodAccessorImpl.invoke(DelegatingMethodAccessorImpl.java:43)
	at java.lang.reflect.Method.invoke(Method.java:498)
	at org.testng.internal.MethodInvocationHelper.invokeMethod(MethodInvocationHelper.java:86)
	at org.testng.internal.Invoker.invokeMethod(Invoker.java:643)
	at org.testng.internal.Invoker.invokeTestMethod(Invoker.java:820)
	at org.testng.internal.Invoker.invokeTestMethods(Invoker.java:1128)
	at org.testng.internal.TestMethodWorker.invokeTestMethods(TestMethodWorker.java:129)
	at org.testng.internal.TestMethodWorker.run(TestMethodWorker.java:112)
	at org.testng.TestRunner.privateRun(TestRunner.java:782)
	at org.testng.TestRunner.run(TestRunner.java:632)
	at org.testng.SuiteRunner.runTest(SuiteRunner.java:366)
	at org.testng.SuiteRunner.runSequentially(SuiteRunner.java:361)
	at org.testng.SuiteRunner.privateRun(SuiteRunner.java:319)
	at org.testng.SuiteRunner.run(SuiteRunner.java:268)
	at org.testng.SuiteRunnerWorker.runSuite(SuiteRunnerWorker.java:52)
	at org.testng.SuiteRunnerWorker.run(SuiteRunnerWorker.java:86)
	at org.testng.TestNG.runSuitesSequentially(TestNG.java:1244)
	at org.testng.TestNG.runSuitesLocally(TestNG.java:1169)
	at org.testng.TestNG.run(TestNG.java:1064)
	at org.testng.remote.AbstractRemoteTestNG.run(AbstractRemoteTestNG.java:115)
	at org.testng.remote.RemoteTestNG.initAndRun(RemoteTestNG.java:251)
	at org.testng.remote.RemoteTestNG.main(RemoteTestNG.java:77)
]]>
    </failure>
  </testcase> <!-- TC_003_NhapKhoTuDL_HangMoi -->
  <testcase name="TC_002_NhapKhoTuDL_HuyPhieu" time="17.260" classname="org.selenium.automationtest.testsuite.TS_QLK_XNDL_NhapKhoTuDL"/>
  <testcase name="TC_005_NhapKhoTuDL_HangThuHoi" time="252.099" classname="org.selenium.automationtest.testsuite.TS_QLK_XNDL_NhapKhoTuDL"/>
  <testcase name="TC_001_NhapKhoTuDL_TimKiem_XemChiTiet" time="29.432" classname="org.selenium.automationtest.testsuite.TS_QLK_XNDL_NhapKhoTuDL"/>
  <testcase name="TC_004_NhapKhoTuDL_HangHong" time="50.355" classname="org.selenium.automationtest.testsuite.TS_QLK_XNDL_NhapKhoTuDL"/>
</testsuite> <!-- org.selenium.automationtest.testsuite.TS_QLK_XNDL_NhapKhoTuDL -->
