<?xml version="1.0" encoding="UTF-8"?>
<!-- Generated by org.testng.reporters.JUnitReportReporter -->
<testsuite hostname="vtt-cntt-l-77-HP-ProDesk-400-G5-MT-IDS-APJ" name="org.selenium.automationtest.testsuite.TS_IM_QLCN_DuyetYeuCauTichDuyetTaiChinh" tests="7" failures="1" timestamp="26 Nov 2019 07:48:02 GMT" time="152.066" errors="1">
  <testcase name="TC_005_DuyetYeuCauTichDuyetTaiChinh_TuChoi" time="40.403" classname="org.selenium.automationtest.testsuite.TS_IM_QLCN_DuyetYeuCauTichDuyetTaiChinh">
    <failure type="java.lang.AssertionError" message="Qua thoi gian nhung khong thay hoac thay doi tuong no such element: Unable to locate element: {&quot;method&quot;:&quot;xpath&quot;,&quot;selector&quot;:&quot;//*[@class=&#039;ui-dialog-title&#039; and text()=&#039;Vui lòng đợi trong giây lát&#039;]&quot;}
  (Session info: chrome=76.0.3809.87)
  (Driver info: chromedriver=76.0.3809.126 (d80a294506b4c9d18015e755cee48f953ddc3f2f-refs/branch-heads/3809@{#1024}),platform=Linux 4.15.0-54-generic x86_64) (WARNING: The server did not provide any stacktrace information)
Command duration or timeout: 14 milliseconds
For documentation on this error, please visit: http://seleniumhq.org/exceptions/no_such_element.html
Build info: version: &#039;2.53.1&#039;, revision: &#039;a36b8b1cd5757287168e54b817830adce9b0158d&#039;, time: &#039;2016-06-30 19:26:09&#039;
System info: host: &#039;vtt-cntt-l-77-HP-ProDesk-400-G5-MT-IDS-APJ&#039;, ip: &#039;127.0.1.1&#039;, os.name: &#039;Linux&#039;, os.arch: &#039;amd64&#039;, os.version: &#039;4.15.0-54-generic&#039;, java.version: &#039;1.8.0_222&#039;
Driver info: org.openqa.selenium.chrome.ChromeDriver
Capabilities [{mobileEmulationEnabled=false, timeouts={implicit=0, pageLoad=300000, script=30000}, hasTouchScreen=false, platform=LINUX, acceptSslCerts=false, goog:chromeOptions={debuggerAddress=localhost:35487}, acceptInsecureCerts=false, webStorageEnabled=true, browserName=chrome, takesScreenshot=true, javascriptEnabled=true, setWindowRect=true, unexpectedAlertBehaviour=ignore, applicationCacheEnabled=false, rotatable=false, networkConnectionEnabled=false, chrome={chromedriverVersion=76.0.3809.126 (d80a294506b4c9d18015e755cee48f953ddc3f2f-refs/branch-heads/3809@{#1024}), userDataDir=/tmp/.com.google.Chrome.FuqpZU}, takesHeapSnapshot=true, pageLoadStrategy=normal, strictFileInteractability=false, databaseEnabled=false, handlesAlerts=true, version=76.0.3809.87, browserConnectionEnabled=false, proxy={}, nativeEvents=true, locationContextEnabled=true, cssSelectorsEnabled=true}]
Session ID: 7c98c47a13a6bd31808188337026e83e
*** Element info: {Using=xpath, value=//*[@class=&#039;ui-dialog-title&#039; and text()=&#039;Vui lòng đợi trong giây lát&#039;]}">
      <![CDATA[java.lang.AssertionError: Qua thoi gian nhung khong thay hoac thay doi tuong no such element: Unable to locate element: {"method":"xpath","selector":"//*[@class='ui-dialog-title' and text()='Vui lòng đợi trong giây lát']"}
  (Session info: chrome=76.0.3809.87)
  (Driver info: chromedriver=76.0.3809.126 (d80a294506b4c9d18015e755cee48f953ddc3f2f-refs/branch-heads/3809@{#1024}),platform=Linux 4.15.0-54-generic x86_64) (WARNING: The server did not provide any stacktrace information)
Command duration or timeout: 14 milliseconds
For documentation on this error, please visit: http://seleniumhq.org/exceptions/no_such_element.html
Build info: version: '2.53.1', revision: 'a36b8b1cd5757287168e54b817830adce9b0158d', time: '2016-06-30 19:26:09'
System info: host: 'vtt-cntt-l-77-HP-ProDesk-400-G5-MT-IDS-APJ', ip: '127.0.1.1', os.name: 'Linux', os.arch: 'amd64', os.version: '4.15.0-54-generic', java.version: '1.8.0_222'
Driver info: org.openqa.selenium.chrome.ChromeDriver
Capabilities [{mobileEmulationEnabled=false, timeouts={implicit=0, pageLoad=300000, script=30000}, hasTouchScreen=false, platform=LINUX, acceptSslCerts=false, goog:chromeOptions={debuggerAddress=localhost:35487}, acceptInsecureCerts=false, webStorageEnabled=true, browserName=chrome, takesScreenshot=true, javascriptEnabled=true, setWindowRect=true, unexpectedAlertBehaviour=ignore, applicationCacheEnabled=false, rotatable=false, networkConnectionEnabled=false, chrome={chromedriverVersion=76.0.3809.126 (d80a294506b4c9d18015e755cee48f953ddc3f2f-refs/branch-heads/3809@{#1024}), userDataDir=/tmp/.com.google.Chrome.FuqpZU}, takesHeapSnapshot=true, pageLoadStrategy=normal, strictFileInteractability=false, databaseEnabled=false, handlesAlerts=true, version=76.0.3809.87, browserConnectionEnabled=false, proxy={}, nativeEvents=true, locationContextEnabled=true, cssSelectorsEnabled=true}]
Session ID: 7c98c47a13a6bd31808188337026e83e
*** Element info: {Using=xpath, value=//*[@class='ui-dialog-title' and text()='Vui lòng đợi trong giây lát']}
	at org.testng.Assert.fail(Assert.java:94)
	at org.selenium.automationtest.common.CommonBase.checkCycling(CommonBase.java:331)
	at org.selenium.automationtest.common.CommonBase.getDisplayedElement(CommonBase.java:259)
	at org.selenium.automationtest.common.CommonBase.getDisplayedElement(CommonBase.java:261)
	at org.selenium.automationtest.common.CommonBase.getDisplayedElement(CommonBase.java:261)
	at org.selenium.automationtest.common.CommonBase.getDisplayedElement(CommonBase.java:261)
	at org.selenium.automationtest.common.CommonBase.getDisplayedElement(CommonBase.java:261)
	at org.selenium.automationtest.common.CommonBase.getDisplayedElement(CommonBase.java:261)
	at org.selenium.automationtest.common.CommonBase.getDisplayedElement(CommonBase.java:261)
	at org.selenium.automationtest.common.CommonBase.getDisplayedElement(CommonBase.java:261)
	at org.selenium.automationtest.common.CommonBase.getDisplayedElement(CommonBase.java:261)
	at org.selenium.automationtest.common.CommonBase.getDisplayedElement(CommonBase.java:261)
	at org.selenium.automationtest.common.CommonBase.getDisplayedElement(CommonBase.java:261)
	at org.selenium.automationtest.common.CommonBase.getDisplayedElement(CommonBase.java:261)
	at org.selenium.automationtest.common.CommonBase.getDisplayedElement(CommonBase.java:261)
	at org.selenium.automationtest.common.CommonBase.getDisplayedElement(CommonBase.java:261)
	at org.selenium.automationtest.common.CommonBase.getDisplayedElement(CommonBase.java:261)
	at org.selenium.automationtest.common.CommonBase.getDisplayedElement(CommonBase.java:261)
	at org.selenium.automationtest.common.CommonBase.getDisplayedElement(CommonBase.java:261)
	at org.selenium.automationtest.common.CommonBase.getDisplayedElement(CommonBase.java:261)
	at org.selenium.automationtest.common.CommonBase.getDisplayedElement(CommonBase.java:261)
	at org.selenium.automationtest.common.CommonBase.getDisplayedElement(CommonBase.java:261)
	at org.selenium.automationtest.common.CommonBase.getDisplayedElement(CommonBase.java:261)
	at org.selenium.automationtest.common.CommonBase.getDisplayedElement(CommonBase.java:261)
	at org.selenium.automationtest.common.CommonBase.waitForElementNotPresent(CommonBase.java:518)
	at org.selenium.automationtest.testsuite.TS_IM_QLCN_DuyetYeuCauTichDuyetTaiChinh.TC_005_DuyetYeuCauTichDuyetTaiChinh_TuChoi(TS_IM_QLCN_DuyetYeuCauTichDuyetTaiChinh.java:315)
	at sun.reflect.NativeMethodAccessorImpl.invoke0(Native Method)
	at sun.reflect.NativeMethodAccessorImpl.invoke(NativeMethodAccessorImpl.java:62)
	at sun.reflect.DelegatingMethodAccessorImpl.invoke(DelegatingMethodAccessorImpl.java:43)
	at java.lang.reflect.Method.invoke(Method.java:498)
	at org.testng.internal.MethodInvocationHelper.invokeMethod(MethodInvocationHelper.java:86)
	at org.testng.internal.Invoker.invokeMethod(Invoker.java:643)
	at org.testng.internal.Invoker.invokeTestMethod(Invoker.java:820)
	at org.testng.internal.Invoker.invokeTestMethods(Invoker.java:1128)
	at org.testng.internal.TestMethodWorker.invokeTestMethods(TestMethodWorker.java:129)
	at org.testng.internal.TestMethodWorker.run(TestMethodWorker.java:112)
	at org.testng.TestRunner.privateRun(TestRunner.java:782)
	at org.testng.TestRunner.run(TestRunner.java:632)
	at org.testng.SuiteRunner.runTest(SuiteRunner.java:366)
	at org.testng.SuiteRunner.runSequentially(SuiteRunner.java:361)
	at org.testng.SuiteRunner.privateRun(SuiteRunner.java:319)
	at org.testng.SuiteRunner.run(SuiteRunner.java:268)
	at org.testng.SuiteRunnerWorker.runSuite(SuiteRunnerWorker.java:52)
	at org.testng.SuiteRunnerWorker.run(SuiteRunnerWorker.java:86)
	at org.testng.TestNG.runSuitesSequentially(TestNG.java:1244)
	at org.testng.TestNG.runSuitesLocally(TestNG.java:1169)
	at org.testng.TestNG.run(TestNG.java:1064)
	at org.testng.remote.AbstractRemoteTestNG.run(AbstractRemoteTestNG.java:115)
	at org.testng.remote.RemoteTestNG.initAndRun(RemoteTestNG.java:251)
	at org.testng.remote.RemoteTestNG.main(RemoteTestNG.java:77)
]]>
    </failure>
  </testcase> <!-- TC_005_DuyetYeuCauTichDuyetTaiChinh_TuChoi -->
  <testcase name="TC_002_DuyetYeuCauTichDuyetTaiChinh_NhanVien_BanHang" time="33.531" classname="org.selenium.automationtest.testsuite.TS_IM_QLCN_DuyetYeuCauTichDuyetTaiChinh"/>
  <testcase name="TC_004_DuyetYeuCauTichDuyetTaiChinh_DL_CDT" time="23.734" classname="org.selenium.automationtest.testsuite.TS_IM_QLCN_DuyetYeuCauTichDuyetTaiChinh"/>
  <testcase name="TC_001_DuyetYeuCauTichDuyetTaiChinh_TimKiem_XemChiTiet" time="15.200" classname="org.selenium.automationtest.testsuite.TS_IM_QLCN_DuyetYeuCauTichDuyetTaiChinh"/>
  <testcase name="TC_006_DuyetYeuCauTichDuyetTaiChinh_NhanVien_THuChiDatCoc" time="8.619" classname="org.selenium.automationtest.testsuite.TS_IM_QLCN_DuyetYeuCauTichDuyetTaiChinh">
    <error type="java.lang.AssertionError" message="Qua thoi gian nhung khong thay hoac thay doi tuong no such element: Unable to locate element: {&quot;method&quot;:&quot;id&quot;,&quot;selector&quot;:&quot;username&quot;}
  (Session info: chrome=76.0.3809.87)
  (Driver info: chromedriver=76.0.3809.126 (d80a294506b4c9d18015e755cee48f953ddc3f2f-refs/branch-heads/3809@{#1024}),platform=Linux 4.15.0-54-generic x86_64) (WARNING: The server did not provide any stacktrace information)
Command duration or timeout: 14 milliseconds
For documentation on this error, please visit: http://seleniumhq.org/exceptions/no_such_element.html
Build info: version: &#039;2.53.1&#039;, revision: &#039;a36b8b1cd5757287168e54b817830adce9b0158d&#039;, time: &#039;2016-06-30 19:26:09&#039;
System info: host: &#039;vtt-cntt-l-77-HP-ProDesk-400-G5-MT-IDS-APJ&#039;, ip: &#039;127.0.1.1&#039;, os.name: &#039;Linux&#039;, os.arch: &#039;amd64&#039;, os.version: &#039;4.15.0-54-generic&#039;, java.version: &#039;1.8.0_222&#039;
Driver info: org.openqa.selenium.chrome.ChromeDriver
Capabilities [{mobileEmulationEnabled=false, timeouts={implicit=0, pageLoad=300000, script=30000}, hasTouchScreen=false, platform=LINUX, acceptSslCerts=false, goog:chromeOptions={debuggerAddress=localhost:46451}, acceptInsecureCerts=false, webStorageEnabled=true, browserName=chrome, takesScreenshot=true, javascriptEnabled=true, setWindowRect=true, unexpectedAlertBehaviour=ignore, applicationCacheEnabled=false, rotatable=false, networkConnectionEnabled=false, chrome={chromedriverVersion=76.0.3809.126 (d80a294506b4c9d18015e755cee48f953ddc3f2f-refs/branch-heads/3809@{#1024}), userDataDir=/tmp/.com.google.Chrome.BTlGvA}, takesHeapSnapshot=true, pageLoadStrategy=normal, strictFileInteractability=false, databaseEnabled=false, handlesAlerts=true, version=76.0.3809.87, browserConnectionEnabled=false, proxy={}, nativeEvents=true, locationContextEnabled=true, cssSelectorsEnabled=true}]
Session ID: ab20dcc85d27b70f8590063fdcde3666
*** Element info: {Using=id, value=username}">
      <![CDATA[java.lang.AssertionError: Qua thoi gian nhung khong thay hoac thay doi tuong no such element: Unable to locate element: {"method":"id","selector":"username"}
  (Session info: chrome=76.0.3809.87)
  (Driver info: chromedriver=76.0.3809.126 (d80a294506b4c9d18015e755cee48f953ddc3f2f-refs/branch-heads/3809@{#1024}),platform=Linux 4.15.0-54-generic x86_64) (WARNING: The server did not provide any stacktrace information)
Command duration or timeout: 14 milliseconds
For documentation on this error, please visit: http://seleniumhq.org/exceptions/no_such_element.html
Build info: version: '2.53.1', revision: 'a36b8b1cd5757287168e54b817830adce9b0158d', time: '2016-06-30 19:26:09'
System info: host: 'vtt-cntt-l-77-HP-ProDesk-400-G5-MT-IDS-APJ', ip: '127.0.1.1', os.name: 'Linux', os.arch: 'amd64', os.version: '4.15.0-54-generic', java.version: '1.8.0_222'
Driver info: org.openqa.selenium.chrome.ChromeDriver
Capabilities [{mobileEmulationEnabled=false, timeouts={implicit=0, pageLoad=300000, script=30000}, hasTouchScreen=false, platform=LINUX, acceptSslCerts=false, goog:chromeOptions={debuggerAddress=localhost:46451}, acceptInsecureCerts=false, webStorageEnabled=true, browserName=chrome, takesScreenshot=true, javascriptEnabled=true, setWindowRect=true, unexpectedAlertBehaviour=ignore, applicationCacheEnabled=false, rotatable=false, networkConnectionEnabled=false, chrome={chromedriverVersion=76.0.3809.126 (d80a294506b4c9d18015e755cee48f953ddc3f2f-refs/branch-heads/3809@{#1024}), userDataDir=/tmp/.com.google.Chrome.BTlGvA}, takesHeapSnapshot=true, pageLoadStrategy=normal, strictFileInteractability=false, databaseEnabled=false, handlesAlerts=true, version=76.0.3809.87, browserConnectionEnabled=false, proxy={}, nativeEvents=true, locationContextEnabled=true, cssSelectorsEnabled=true}]
Session ID: ab20dcc85d27b70f8590063fdcde3666
*** Element info: {Using=id, value=username}
	at org.testng.Assert.fail(Assert.java:94)
	at org.selenium.automationtest.common.CommonBase.checkCycling(CommonBase.java:331)
	at org.selenium.automationtest.common.CommonBase.getDisplayedElement(CommonBase.java:259)
	at org.selenium.automationtest.common.CommonBase.getDisplayedElement(CommonBase.java:261)
	at org.selenium.automationtest.common.CommonBase.getDisplayedElement(CommonBase.java:261)
	at org.selenium.automationtest.common.CommonBase.getDisplayedElement(CommonBase.java:261)
	at org.selenium.automationtest.common.CommonBase.getDisplayedElement(CommonBase.java:261)
	at org.selenium.automationtest.common.CommonBase.getDisplayedElement(CommonBase.java:261)
	at org.selenium.automationtest.common.CommonBase.getDisplayedElement(CommonBase.java:261)
	at org.selenium.automationtest.common.CommonBase.getDisplayedElement(CommonBase.java:261)
	at org.selenium.automationtest.common.CommonBase.getDisplayedElement(CommonBase.java:261)
	at org.selenium.automationtest.common.CommonBase.getDisplayedElement(CommonBase.java:261)
	at org.selenium.automationtest.common.CommonBase.getDisplayedElement(CommonBase.java:261)
	at org.selenium.automationtest.common.CommonBase.getDisplayedElement(CommonBase.java:261)
	at org.selenium.automationtest.common.CommonBase.getDisplayedElement(CommonBase.java:261)
	at org.selenium.automationtest.common.CommonBase.getDisplayedElement(CommonBase.java:261)
	at org.selenium.automationtest.common.CommonBase.getDisplayedElement(CommonBase.java:261)
	at org.selenium.automationtest.common.CommonBase.getDisplayedElement(CommonBase.java:261)
	at org.selenium.automationtest.common.CommonBase.getDisplayedElement(CommonBase.java:261)
	at org.selenium.automationtest.common.CommonBase.getDisplayedElement(CommonBase.java:261)
	at org.selenium.automationtest.common.CommonBase.getDisplayedElement(CommonBase.java:261)
	at org.selenium.automationtest.common.CommonBase.getDisplayedElement(CommonBase.java:261)
	at org.selenium.automationtest.common.CommonBase.getDisplayedElement(CommonBase.java:261)
	at org.selenium.automationtest.common.CommonBase.getDisplayedElement(CommonBase.java:261)
	at org.selenium.automationtest.common.CommonBase.getElementPresent(CommonBase.java:352)
	at org.selenium.automationtest.common.CommonBase.type(CommonBase.java:380)
	at org.selenium.automationtest.common.ManageAccount.login(ManageAccount.java:24)
	at org.selenium.automationtest.testsuite.TS_IM_QLCN_DuyetYeuCauTichDuyetTaiChinh.init(TS_IM_QLCN_DuyetYeuCauTichDuyetTaiChinh.java:23)
	at sun.reflect.NativeMethodAccessorImpl.invoke0(Native Method)
	at sun.reflect.NativeMethodAccessorImpl.invoke(NativeMethodAccessorImpl.java:62)
	at sun.reflect.DelegatingMethodAccessorImpl.invoke(DelegatingMethodAccessorImpl.java:43)
	at java.lang.reflect.Method.invoke(Method.java:498)
	at org.testng.internal.MethodInvocationHelper.invokeMethod(MethodInvocationHelper.java:86)
	at org.testng.internal.Invoker.invokeConfigurationMethod(Invoker.java:514)
	at org.testng.internal.Invoker.invokeConfigurations(Invoker.java:215)
	at org.testng.internal.Invoker.invokeMethod(Invoker.java:589)
	at org.testng.internal.Invoker.invokeTestMethod(Invoker.java:820)
	at org.testng.internal.Invoker.invokeTestMethods(Invoker.java:1128)
	at org.testng.internal.TestMethodWorker.invokeTestMethods(TestMethodWorker.java:129)
	at org.testng.internal.TestMethodWorker.run(TestMethodWorker.java:112)
	at org.testng.TestRunner.privateRun(TestRunner.java:782)
	at org.testng.TestRunner.run(TestRunner.java:632)
	at org.testng.SuiteRunner.runTest(SuiteRunner.java:366)
	at org.testng.SuiteRunner.runSequentially(SuiteRunner.java:361)
	at org.testng.SuiteRunner.privateRun(SuiteRunner.java:319)
	at org.testng.SuiteRunner.run(SuiteRunner.java:268)
	at org.testng.SuiteRunnerWorker.runSuite(SuiteRunnerWorker.java:52)
	at org.testng.SuiteRunnerWorker.run(SuiteRunnerWorker.java:86)
	at org.testng.TestNG.runSuitesSequentially(TestNG.java:1244)
	at org.testng.TestNG.runSuitesLocally(TestNG.java:1169)
	at org.testng.TestNG.run(TestNG.java:1064)
	at org.testng.remote.AbstractRemoteTestNG.run(AbstractRemoteTestNG.java:115)
	at org.testng.remote.RemoteTestNG.initAndRun(RemoteTestNG.java:251)
	at org.testng.remote.RemoteTestNG.main(RemoteTestNG.java:77)
]]>
    </error>
  </testcase> <!-- TC_006_DuyetYeuCauTichDuyetTaiChinh_NhanVien_THuChiDatCoc -->
  <testcase name="TC_000_DuyetYeuCauTichDuyetTaiChinh_ChuanBiDL" time="8.684" classname="org.selenium.automationtest.testsuite.TS_IM_QLCN_DuyetYeuCauTichDuyetTaiChinh"/>
  <testcase name="TC_003_DuyetYeuCauTichDuyetTaiChinh_CTV_ThuCuoc" time="21.895" classname="org.selenium.automationtest.testsuite.TS_IM_QLCN_DuyetYeuCauTichDuyetTaiChinh"/>
</testsuite> <!-- org.selenium.automationtest.testsuite.TS_IM_QLCN_DuyetYeuCauTichDuyetTaiChinh -->
