<?xml version="1.0" encoding="UTF-8"?>
<!-- Generated by org.testng.reporters.JUnitReportReporter -->
<testsuite hostname="vtt-cntt-l-77-HP-ProDesk-400-G5-MT-IDS-APJ" name="org.selenium.automationtest.testsuite.TS_IM_QLK_Tienich_Tracuukho_Thuy" tests="1" failures="1" timestamp="29 Nov 2019 04:48:17 GMT" time="19.246" errors="0">
  <testcase name="TC_002_QLKHO_TIENICH_TRACUUKHO" time="19.246" classname="org.selenium.automationtest.testsuite.TS_IM_QLK_Tienich_Tracuukho_Thuy">
    <failure type="java.lang.AssertionError" message="Du lieu so sanh co 1 truong bi null">
      <![CDATA[java.lang.AssertionError: Du lieu so sanh co 1 truong bi null
	at org.testng.Assert.fail(Assert.java:94)
	at org.selenium.automationtest.common.CommonBase.verifyCompare(CommonBase.java:953)
	at org.selenium.automationtest.testsuite.TS_IM_QLK_Tienich_Tracuukho_Thuy.TC_002_QLKHO_TIENICH_TRACUUKHO(TS_IM_QLK_Tienich_Tracuukho_Thuy.java:79)
	at sun.reflect.NativeMethodAccessorImpl.invoke0(Native Method)
	at sun.reflect.NativeMethodAccessorImpl.invoke(NativeMethodAccessorImpl.java:62)
	at sun.reflect.DelegatingMethodAccessorImpl.invoke(DelegatingMethodAccessorImpl.java:43)
	at java.lang.reflect.Method.invoke(Method.java:498)
	at org.testng.internal.MethodInvocationHelper.invokeMethod(MethodInvocationHelper.java:86)
	at org.testng.internal.Invoker.invokeMethod(Invoker.java:643)
	at org.testng.internal.Invoker.invokeTestMethod(Invoker.java:820)
	at org.testng.internal.Invoker.invokeTestMethods(Invoker.java:1128)
	at org.testng.internal.TestMethodWorker.invokeTestMethods(TestMethodWorker.java:129)
	at org.testng.internal.TestMethodWorker.run(TestMethodWorker.java:112)
	at org.testng.TestRunner.privateRun(TestRunner.java:782)
	at org.testng.TestRunner.run(TestRunner.java:632)
	at org.testng.SuiteRunner.runTest(SuiteRunner.java:366)
	at org.testng.SuiteRunner.runSequentially(SuiteRunner.java:361)
	at org.testng.SuiteRunner.privateRun(SuiteRunner.java:319)
	at org.testng.SuiteRunner.run(SuiteRunner.java:268)
	at org.testng.SuiteRunnerWorker.runSuite(SuiteRunnerWorker.java:52)
	at org.testng.SuiteRunnerWorker.run(SuiteRunnerWorker.java:86)
	at org.testng.TestNG.runSuitesSequentially(TestNG.java:1244)
	at org.testng.TestNG.runSuitesLocally(TestNG.java:1169)
	at org.testng.TestNG.run(TestNG.java:1064)
	at org.testng.remote.AbstractRemoteTestNG.run(AbstractRemoteTestNG.java:115)
	at org.testng.remote.RemoteTestNG.initAndRun(RemoteTestNG.java:251)
	at org.testng.remote.RemoteTestNG.main(RemoteTestNG.java:77)
]]>
    </failure>
  </testcase> <!-- TC_002_QLKHO_TIENICH_TRACUUKHO -->
</testsuite> <!-- org.selenium.automationtest.testsuite.TS_IM_QLK_Tienich_Tracuukho_Thuy -->
