<?xml version="1.0" encoding="UTF-8"?>
<!-- Generated by org.testng.reporters.JUnitReportReporter -->
<testsuite hostname="vtt-cntt-l-77-HP-ProDesk-400-G5-MT-IDS-APJ" name="org.selenium.automationtest.testsuite.TS_IM_QLK_Hanmuckho_QLYC" tests="7" failures="4" timestamp="16 Dec 2019 11:20:36 GMT" time="233.165" errors="0">
  <testcase name="TC006_QLKHO_HANMUCKHO_DuyetYC_KhoDV" time="39.931" classname="org.selenium.automationtest.testsuite.TS_IM_QLK_Hanmuckho_QLYC">
    <failure type="java.lang.AssertionError" message="Qua thoi gian nhung khong thay hoac thay doi tuong no such element: Unable to locate element: {&quot;method&quot;:&quot;xpath&quot;,&quot;selector&quot;:&quot;//select[contains(@id,&#039;frmViewLimitStock:tblSearchOrder&#039;)]/../following-sibling::label&quot;}
  (Session info: chrome=76.0.3809.87)
  (Driver info: chromedriver=76.0.3809.126 (d80a294506b4c9d18015e755cee48f953ddc3f2f-refs/branch-heads/3809@{#1024}),platform=Linux 4.15.0-70-generic x86_64) (WARNING: The server did not provide any stacktrace information)
Command duration or timeout: 7 milliseconds
For documentation on this error, please visit: http://seleniumhq.org/exceptions/no_such_element.html
Build info: version: &#039;2.53.1&#039;, revision: &#039;a36b8b1cd5757287168e54b817830adce9b0158d&#039;, time: &#039;2016-06-30 19:26:09&#039;
System info: host: &#039;vtt-cntt-l-77-HP-ProDesk-400-G5-MT-IDS-APJ&#039;, ip: &#039;127.0.1.1&#039;, os.name: &#039;Linux&#039;, os.arch: &#039;amd64&#039;, os.version: &#039;4.15.0-70-generic&#039;, java.version: &#039;1.8.0_222&#039;
Driver info: org.openqa.selenium.chrome.ChromeDriver
Capabilities [{mobileEmulationEnabled=false, timeouts={implicit=0, pageLoad=300000, script=30000}, hasTouchScreen=false, platform=LINUX, acceptSslCerts=false, goog:chromeOptions={debuggerAddress=localhost:35087}, acceptInsecureCerts=false, webStorageEnabled=true, browserName=chrome, takesScreenshot=true, javascriptEnabled=true, setWindowRect=true, unexpectedAlertBehaviour=ignore, applicationCacheEnabled=false, rotatable=false, networkConnectionEnabled=false, chrome={chromedriverVersion=76.0.3809.126 (d80a294506b4c9d18015e755cee48f953ddc3f2f-refs/branch-heads/3809@{#1024}), userDataDir=/tmp/.com.google.Chrome.iSEIuv}, takesHeapSnapshot=true, pageLoadStrategy=normal, strictFileInteractability=false, databaseEnabled=false, handlesAlerts=true, version=76.0.3809.87, browserConnectionEnabled=false, proxy={}, nativeEvents=true, locationContextEnabled=true, cssSelectorsEnabled=true}]
Session ID: 7598510ac7528fd2b475486f5a015444
*** Element info: {Using=xpath, value=//select[contains(@id,&#039;frmViewLimitStock:tblSearchOrder&#039;)]/../following-sibling::label}">
      <![CDATA[java.lang.AssertionError: Qua thoi gian nhung khong thay hoac thay doi tuong no such element: Unable to locate element: {"method":"xpath","selector":"//select[contains(@id,'frmViewLimitStock:tblSearchOrder')]/../following-sibling::label"}
  (Session info: chrome=76.0.3809.87)
  (Driver info: chromedriver=76.0.3809.126 (d80a294506b4c9d18015e755cee48f953ddc3f2f-refs/branch-heads/3809@{#1024}),platform=Linux 4.15.0-70-generic x86_64) (WARNING: The server did not provide any stacktrace information)
Command duration or timeout: 7 milliseconds
For documentation on this error, please visit: http://seleniumhq.org/exceptions/no_such_element.html
Build info: version: '2.53.1', revision: 'a36b8b1cd5757287168e54b817830adce9b0158d', time: '2016-06-30 19:26:09'
System info: host: 'vtt-cntt-l-77-HP-ProDesk-400-G5-MT-IDS-APJ', ip: '127.0.1.1', os.name: 'Linux', os.arch: 'amd64', os.version: '4.15.0-70-generic', java.version: '1.8.0_222'
Driver info: org.openqa.selenium.chrome.ChromeDriver
Capabilities [{mobileEmulationEnabled=false, timeouts={implicit=0, pageLoad=300000, script=30000}, hasTouchScreen=false, platform=LINUX, acceptSslCerts=false, goog:chromeOptions={debuggerAddress=localhost:35087}, acceptInsecureCerts=false, webStorageEnabled=true, browserName=chrome, takesScreenshot=true, javascriptEnabled=true, setWindowRect=true, unexpectedAlertBehaviour=ignore, applicationCacheEnabled=false, rotatable=false, networkConnectionEnabled=false, chrome={chromedriverVersion=76.0.3809.126 (d80a294506b4c9d18015e755cee48f953ddc3f2f-refs/branch-heads/3809@{#1024}), userDataDir=/tmp/.com.google.Chrome.iSEIuv}, takesHeapSnapshot=true, pageLoadStrategy=normal, strictFileInteractability=false, databaseEnabled=false, handlesAlerts=true, version=76.0.3809.87, browserConnectionEnabled=false, proxy={}, nativeEvents=true, locationContextEnabled=true, cssSelectorsEnabled=true}]
Session ID: 7598510ac7528fd2b475486f5a015444
*** Element info: {Using=xpath, value=//select[contains(@id,'frmViewLimitStock:tblSearchOrder')]/../following-sibling::label}
	at org.testng.Assert.fail(Assert.java:94)
	at org.selenium.automationtest.common.CommonBase.checkCycling(CommonBase.java:413)
	at org.selenium.automationtest.common.CommonBase.getDisplayedElement(CommonBase.java:262)
	at org.selenium.automationtest.common.CommonBase.getDisplayedElement(CommonBase.java:264)
	at org.selenium.automationtest.common.CommonBase.getDisplayedElement(CommonBase.java:264)
	at org.selenium.automationtest.common.CommonBase.getDisplayedElement(CommonBase.java:264)
	at org.selenium.automationtest.common.CommonBase.getDisplayedElement(CommonBase.java:264)
	at org.selenium.automationtest.common.CommonBase.getDisplayedElement(CommonBase.java:264)
	at org.selenium.automationtest.common.CommonBase.getDisplayedElement(CommonBase.java:264)
	at org.selenium.automationtest.common.CommonBase.getDisplayedElement(CommonBase.java:264)
	at org.selenium.automationtest.common.CommonBase.getDisplayedElement(CommonBase.java:264)
	at org.selenium.automationtest.common.CommonBase.getDisplayedElement(CommonBase.java:264)
	at org.selenium.automationtest.common.CommonBase.getDisplayedElement(CommonBase.java:264)
	at org.selenium.automationtest.common.CommonBase.getDisplayedElement(CommonBase.java:264)
	at org.selenium.automationtest.common.CommonBase.getDisplayedElement(CommonBase.java:264)
	at org.selenium.automationtest.common.CommonBase.getDisplayedElement(CommonBase.java:264)
	at org.selenium.automationtest.common.CommonBase.getDisplayedElement(CommonBase.java:264)
	at org.selenium.automationtest.common.CommonBase.getDisplayedElement(CommonBase.java:264)
	at org.selenium.automationtest.common.CommonBase.getDisplayedElement(CommonBase.java:264)
	at org.selenium.automationtest.common.CommonBase.getDisplayedElement(CommonBase.java:264)
	at org.selenium.automationtest.common.CommonBase.getDisplayedElement(CommonBase.java:264)
	at org.selenium.automationtest.common.CommonBase.getDisplayedElement(CommonBase.java:264)
	at org.selenium.automationtest.common.CommonBase.getDisplayedElement(CommonBase.java:264)
	at org.selenium.automationtest.common.CommonBase.getDisplayedElement(CommonBase.java:264)
	at org.selenium.automationtest.common.CommonBase.getElementPresent(CommonBase.java:434)
	at org.selenium.automationtest.common.CommonBase.click(CommonBase.java:547)
	at org.selenium.automationtest.testsuite.TS_IM_QLK_Hanmuckho_QLYC.TC006_QLKHO_HANMUCKHO_DuyetYC_KhoDV(TS_IM_QLK_Hanmuckho_QLYC.java:287)
	at sun.reflect.NativeMethodAccessorImpl.invoke0(Native Method)
	at sun.reflect.NativeMethodAccessorImpl.invoke(NativeMethodAccessorImpl.java:62)
	at sun.reflect.DelegatingMethodAccessorImpl.invoke(DelegatingMethodAccessorImpl.java:43)
	at java.lang.reflect.Method.invoke(Method.java:498)
	at org.testng.internal.MethodInvocationHelper.invokeMethod(MethodInvocationHelper.java:86)
	at org.testng.internal.Invoker.invokeMethod(Invoker.java:643)
	at org.testng.internal.Invoker.invokeTestMethod(Invoker.java:820)
	at org.testng.internal.Invoker.invokeTestMethods(Invoker.java:1128)
	at org.testng.internal.TestMethodWorker.invokeTestMethods(TestMethodWorker.java:129)
	at org.testng.internal.TestMethodWorker.run(TestMethodWorker.java:112)
	at org.testng.TestRunner.privateRun(TestRunner.java:782)
	at org.testng.TestRunner.run(TestRunner.java:632)
	at org.testng.SuiteRunner.runTest(SuiteRunner.java:366)
	at org.testng.SuiteRunner.runSequentially(SuiteRunner.java:361)
	at org.testng.SuiteRunner.privateRun(SuiteRunner.java:319)
	at org.testng.SuiteRunner.run(SuiteRunner.java:268)
	at org.testng.SuiteRunnerWorker.runSuite(SuiteRunnerWorker.java:52)
	at org.testng.SuiteRunnerWorker.run(SuiteRunnerWorker.java:86)
	at org.testng.TestNG.runSuitesSequentially(TestNG.java:1244)
	at org.testng.TestNG.runSuitesLocally(TestNG.java:1169)
	at org.testng.TestNG.run(TestNG.java:1064)
	at org.testng.remote.AbstractRemoteTestNG.run(AbstractRemoteTestNG.java:115)
	at org.testng.remote.RemoteTestNG.initAndRun(RemoteTestNG.java:251)
	at org.testng.remote.RemoteTestNG.main(RemoteTestNG.java:77)
]]>
    </failure>
  </testcase> <!-- TC006_QLKHO_HANMUCKHO_DuyetYC_KhoDV -->
  <testcase name="TC003_QLKHO_HANMUCKHO_DuyetYCTuChoi_KhoNV" time="33.671" classname="org.selenium.automationtest.testsuite.TS_IM_QLK_Hanmuckho_QLYC"/>
  <testcase name="TC00_Chuanbidulieu" time="23.693" classname="org.selenium.automationtest.testsuite.TS_IM_QLK_Hanmuckho_QLYC"/>
  <testcase name="TC004_QLKHO_HANMUCKHO_XoaYC_KhoDV" time="42.614" classname="org.selenium.automationtest.testsuite.TS_IM_QLK_Hanmuckho_QLYC">
    <failure type="java.lang.AssertionError" message="Qua thoi gian nhung khong thay hoac thay doi tuong no such element: Unable to locate element: {&quot;method&quot;:&quot;xpath&quot;,&quot;selector&quot;:&quot;//*[@id=&#039;frmViewLimitStock:msgComp&#039;]/div/ul/li/span&quot;}
  (Session info: chrome=76.0.3809.87)
  (Driver info: chromedriver=76.0.3809.126 (d80a294506b4c9d18015e755cee48f953ddc3f2f-refs/branch-heads/3809@{#1024}),platform=Linux 4.15.0-70-generic x86_64) (WARNING: The server did not provide any stacktrace information)
Command duration or timeout: 23 milliseconds
For documentation on this error, please visit: http://seleniumhq.org/exceptions/no_such_element.html
Build info: version: &#039;2.53.1&#039;, revision: &#039;a36b8b1cd5757287168e54b817830adce9b0158d&#039;, time: &#039;2016-06-30 19:26:09&#039;
System info: host: &#039;vtt-cntt-l-77-HP-ProDesk-400-G5-MT-IDS-APJ&#039;, ip: &#039;127.0.1.1&#039;, os.name: &#039;Linux&#039;, os.arch: &#039;amd64&#039;, os.version: &#039;4.15.0-70-generic&#039;, java.version: &#039;1.8.0_222&#039;
Driver info: org.openqa.selenium.chrome.ChromeDriver
Capabilities [{mobileEmulationEnabled=false, timeouts={implicit=0, pageLoad=300000, script=30000}, hasTouchScreen=false, platform=LINUX, acceptSslCerts=false, goog:chromeOptions={debuggerAddress=localhost:42761}, acceptInsecureCerts=false, webStorageEnabled=true, browserName=chrome, takesScreenshot=true, javascriptEnabled=true, setWindowRect=true, unexpectedAlertBehaviour=ignore, applicationCacheEnabled=false, rotatable=false, networkConnectionEnabled=false, chrome={chromedriverVersion=76.0.3809.126 (d80a294506b4c9d18015e755cee48f953ddc3f2f-refs/branch-heads/3809@{#1024}), userDataDir=/tmp/.com.google.Chrome.O5eoKb}, takesHeapSnapshot=true, pageLoadStrategy=normal, strictFileInteractability=false, databaseEnabled=false, handlesAlerts=true, version=76.0.3809.87, browserConnectionEnabled=false, proxy={}, nativeEvents=true, locationContextEnabled=true, cssSelectorsEnabled=true}]
Session ID: bb072a93c2d410ea69d85b3fc67ecdb5
*** Element info: {Using=xpath, value=//*[@id=&#039;frmViewLimitStock:msgComp&#039;]/div/ul/li/span}">
      <![CDATA[java.lang.AssertionError: Qua thoi gian nhung khong thay hoac thay doi tuong no such element: Unable to locate element: {"method":"xpath","selector":"//*[@id='frmViewLimitStock:msgComp']/div/ul/li/span"}
  (Session info: chrome=76.0.3809.87)
  (Driver info: chromedriver=76.0.3809.126 (d80a294506b4c9d18015e755cee48f953ddc3f2f-refs/branch-heads/3809@{#1024}),platform=Linux 4.15.0-70-generic x86_64) (WARNING: The server did not provide any stacktrace information)
Command duration or timeout: 23 milliseconds
For documentation on this error, please visit: http://seleniumhq.org/exceptions/no_such_element.html
Build info: version: '2.53.1', revision: 'a36b8b1cd5757287168e54b817830adce9b0158d', time: '2016-06-30 19:26:09'
System info: host: 'vtt-cntt-l-77-HP-ProDesk-400-G5-MT-IDS-APJ', ip: '127.0.1.1', os.name: 'Linux', os.arch: 'amd64', os.version: '4.15.0-70-generic', java.version: '1.8.0_222'
Driver info: org.openqa.selenium.chrome.ChromeDriver
Capabilities [{mobileEmulationEnabled=false, timeouts={implicit=0, pageLoad=300000, script=30000}, hasTouchScreen=false, platform=LINUX, acceptSslCerts=false, goog:chromeOptions={debuggerAddress=localhost:42761}, acceptInsecureCerts=false, webStorageEnabled=true, browserName=chrome, takesScreenshot=true, javascriptEnabled=true, setWindowRect=true, unexpectedAlertBehaviour=ignore, applicationCacheEnabled=false, rotatable=false, networkConnectionEnabled=false, chrome={chromedriverVersion=76.0.3809.126 (d80a294506b4c9d18015e755cee48f953ddc3f2f-refs/branch-heads/3809@{#1024}), userDataDir=/tmp/.com.google.Chrome.O5eoKb}, takesHeapSnapshot=true, pageLoadStrategy=normal, strictFileInteractability=false, databaseEnabled=false, handlesAlerts=true, version=76.0.3809.87, browserConnectionEnabled=false, proxy={}, nativeEvents=true, locationContextEnabled=true, cssSelectorsEnabled=true}]
Session ID: bb072a93c2d410ea69d85b3fc67ecdb5
*** Element info: {Using=xpath, value=//*[@id='frmViewLimitStock:msgComp']/div/ul/li/span}
	at org.testng.Assert.fail(Assert.java:94)
	at org.selenium.automationtest.common.CommonBase.checkCycling(CommonBase.java:413)
	at org.selenium.automationtest.common.CommonBase.getDisplayedElement(CommonBase.java:262)
	at org.selenium.automationtest.common.CommonBase.getDisplayedElement(CommonBase.java:264)
	at org.selenium.automationtest.common.CommonBase.getDisplayedElement(CommonBase.java:264)
	at org.selenium.automationtest.common.CommonBase.getDisplayedElement(CommonBase.java:264)
	at org.selenium.automationtest.common.CommonBase.getDisplayedElement(CommonBase.java:264)
	at org.selenium.automationtest.common.CommonBase.getDisplayedElement(CommonBase.java:264)
	at org.selenium.automationtest.common.CommonBase.getDisplayedElement(CommonBase.java:264)
	at org.selenium.automationtest.common.CommonBase.getDisplayedElement(CommonBase.java:264)
	at org.selenium.automationtest.common.CommonBase.getDisplayedElement(CommonBase.java:264)
	at org.selenium.automationtest.common.CommonBase.getDisplayedElement(CommonBase.java:264)
	at org.selenium.automationtest.common.CommonBase.getDisplayedElement(CommonBase.java:264)
	at org.selenium.automationtest.common.CommonBase.getDisplayedElement(CommonBase.java:264)
	at org.selenium.automationtest.common.CommonBase.getDisplayedElement(CommonBase.java:264)
	at org.selenium.automationtest.common.CommonBase.getDisplayedElement(CommonBase.java:264)
	at org.selenium.automationtest.common.CommonBase.getDisplayedElement(CommonBase.java:264)
	at org.selenium.automationtest.common.CommonBase.getDisplayedElement(CommonBase.java:264)
	at org.selenium.automationtest.common.CommonBase.getDisplayedElement(CommonBase.java:264)
	at org.selenium.automationtest.common.CommonBase.getDisplayedElement(CommonBase.java:264)
	at org.selenium.automationtest.common.CommonBase.getDisplayedElement(CommonBase.java:264)
	at org.selenium.automationtest.common.CommonBase.getDisplayedElement(CommonBase.java:264)
	at org.selenium.automationtest.common.CommonBase.getDisplayedElement(CommonBase.java:264)
	at org.selenium.automationtest.common.CommonBase.getDisplayedElement(CommonBase.java:264)
	at org.selenium.automationtest.common.CommonBase.getElementPresent(CommonBase.java:434)
	at org.selenium.automationtest.testsuite.TS_IM_QLK_Hanmuckho_QLYC.TC004_QLKHO_HANMUCKHO_XoaYC_KhoDV(TS_IM_QLK_Hanmuckho_QLYC.java:207)
	at sun.reflect.NativeMethodAccessorImpl.invoke0(Native Method)
	at sun.reflect.NativeMethodAccessorImpl.invoke(NativeMethodAccessorImpl.java:62)
	at sun.reflect.DelegatingMethodAccessorImpl.invoke(DelegatingMethodAccessorImpl.java:43)
	at java.lang.reflect.Method.invoke(Method.java:498)
	at org.testng.internal.MethodInvocationHelper.invokeMethod(MethodInvocationHelper.java:86)
	at org.testng.internal.Invoker.invokeMethod(Invoker.java:643)
	at org.testng.internal.Invoker.invokeTestMethod(Invoker.java:820)
	at org.testng.internal.Invoker.invokeTestMethods(Invoker.java:1128)
	at org.testng.internal.TestMethodWorker.invokeTestMethods(TestMethodWorker.java:129)
	at org.testng.internal.TestMethodWorker.run(TestMethodWorker.java:112)
	at org.testng.TestRunner.privateRun(TestRunner.java:782)
	at org.testng.TestRunner.run(TestRunner.java:632)
	at org.testng.SuiteRunner.runTest(SuiteRunner.java:366)
	at org.testng.SuiteRunner.runSequentially(SuiteRunner.java:361)
	at org.testng.SuiteRunner.privateRun(SuiteRunner.java:319)
	at org.testng.SuiteRunner.run(SuiteRunner.java:268)
	at org.testng.SuiteRunnerWorker.runSuite(SuiteRunnerWorker.java:52)
	at org.testng.SuiteRunnerWorker.run(SuiteRunnerWorker.java:86)
	at org.testng.TestNG.runSuitesSequentially(TestNG.java:1244)
	at org.testng.TestNG.runSuitesLocally(TestNG.java:1169)
	at org.testng.TestNG.run(TestNG.java:1064)
	at org.testng.remote.AbstractRemoteTestNG.run(AbstractRemoteTestNG.java:115)
	at org.testng.remote.RemoteTestNG.initAndRun(RemoteTestNG.java:251)
	at org.testng.remote.RemoteTestNG.main(RemoteTestNG.java:77)
]]>
    </failure>
  </testcase> <!-- TC004_QLKHO_HANMUCKHO_XoaYC_KhoDV -->
  <testcase name="TC001_QLKHO_HANMUCKHO_XoaYC_KhoNV" time="27.227" classname="org.selenium.automationtest.testsuite.TS_IM_QLK_Hanmuckho_QLYC">
    <failure type="java.lang.AssertionError" message="So sanh khong bang nhau: 1 va 0 expected [false] but found [true]">
      <![CDATA[java.lang.AssertionError: So sanh khong bang nhau: 1 va 0 expected [false] but found [true]
	at org.testng.Assert.fail(Assert.java:94)
	at org.testng.Assert.failNotEquals(Assert.java:513)
	at org.testng.Assert.assertFalse(Assert.java:63)
	at org.selenium.automationtest.common.CommonBase.verifyCompare(CommonBase.java:1024)
	at org.selenium.automationtest.testsuite.TS_IM_QLK_Hanmuckho_QLYC.TC001_QLKHO_HANMUCKHO_XoaYC_KhoNV(TS_IM_QLK_Hanmuckho_QLYC.java:74)
	at sun.reflect.NativeMethodAccessorImpl.invoke0(Native Method)
	at sun.reflect.NativeMethodAccessorImpl.invoke(NativeMethodAccessorImpl.java:62)
	at sun.reflect.DelegatingMethodAccessorImpl.invoke(DelegatingMethodAccessorImpl.java:43)
	at java.lang.reflect.Method.invoke(Method.java:498)
	at org.testng.internal.MethodInvocationHelper.invokeMethod(MethodInvocationHelper.java:86)
	at org.testng.internal.Invoker.invokeMethod(Invoker.java:643)
	at org.testng.internal.Invoker.invokeTestMethod(Invoker.java:820)
	at org.testng.internal.Invoker.invokeTestMethods(Invoker.java:1128)
	at org.testng.internal.TestMethodWorker.invokeTestMethods(TestMethodWorker.java:129)
	at org.testng.internal.TestMethodWorker.run(TestMethodWorker.java:112)
	at org.testng.TestRunner.privateRun(TestRunner.java:782)
	at org.testng.TestRunner.run(TestRunner.java:632)
	at org.testng.SuiteRunner.runTest(SuiteRunner.java:366)
	at org.testng.SuiteRunner.runSequentially(SuiteRunner.java:361)
	at org.testng.SuiteRunner.privateRun(SuiteRunner.java:319)
	at org.testng.SuiteRunner.run(SuiteRunner.java:268)
	at org.testng.SuiteRunnerWorker.runSuite(SuiteRunnerWorker.java:52)
	at org.testng.SuiteRunnerWorker.run(SuiteRunnerWorker.java:86)
	at org.testng.TestNG.runSuitesSequentially(TestNG.java:1244)
	at org.testng.TestNG.runSuitesLocally(TestNG.java:1169)
	at org.testng.TestNG.run(TestNG.java:1064)
	at org.testng.remote.AbstractRemoteTestNG.run(AbstractRemoteTestNG.java:115)
	at org.testng.remote.RemoteTestNG.initAndRun(RemoteTestNG.java:251)
	at org.testng.remote.RemoteTestNG.main(RemoteTestNG.java:77)
]]>
    </failure>
  </testcase> <!-- TC001_QLKHO_HANMUCKHO_XoaYC_KhoNV -->
  <testcase name="TC005_QLKHO_HANMUCKHO_DuyetYCTuChoi_KhoDV" time="39.886" classname="org.selenium.automationtest.testsuite.TS_IM_QLK_Hanmuckho_QLYC">
    <failure type="java.lang.AssertionError" message="Qua thoi gian nhung khong thay hoac thay doi tuong no such element: Unable to locate element: {&quot;method&quot;:&quot;xpath&quot;,&quot;selector&quot;:&quot;//select[contains(@id,&#039;frmViewLimitStock:tblSearchOrder&#039;)]/../following-sibling::label&quot;}
  (Session info: chrome=76.0.3809.87)
  (Driver info: chromedriver=76.0.3809.126 (d80a294506b4c9d18015e755cee48f953ddc3f2f-refs/branch-heads/3809@{#1024}),platform=Linux 4.15.0-70-generic x86_64) (WARNING: The server did not provide any stacktrace information)
Command duration or timeout: 13 milliseconds
For documentation on this error, please visit: http://seleniumhq.org/exceptions/no_such_element.html
Build info: version: &#039;2.53.1&#039;, revision: &#039;a36b8b1cd5757287168e54b817830adce9b0158d&#039;, time: &#039;2016-06-30 19:26:09&#039;
System info: host: &#039;vtt-cntt-l-77-HP-ProDesk-400-G5-MT-IDS-APJ&#039;, ip: &#039;127.0.1.1&#039;, os.name: &#039;Linux&#039;, os.arch: &#039;amd64&#039;, os.version: &#039;4.15.0-70-generic&#039;, java.version: &#039;1.8.0_222&#039;
Driver info: org.openqa.selenium.chrome.ChromeDriver
Capabilities [{mobileEmulationEnabled=false, timeouts={implicit=0, pageLoad=300000, script=30000}, hasTouchScreen=false, platform=LINUX, acceptSslCerts=false, goog:chromeOptions={debuggerAddress=localhost:41469}, acceptInsecureCerts=false, webStorageEnabled=true, browserName=chrome, takesScreenshot=true, javascriptEnabled=true, setWindowRect=true, unexpectedAlertBehaviour=ignore, applicationCacheEnabled=false, rotatable=false, networkConnectionEnabled=false, chrome={chromedriverVersion=76.0.3809.126 (d80a294506b4c9d18015e755cee48f953ddc3f2f-refs/branch-heads/3809@{#1024}), userDataDir=/tmp/.com.google.Chrome.nvdxQY}, takesHeapSnapshot=true, pageLoadStrategy=normal, strictFileInteractability=false, databaseEnabled=false, handlesAlerts=true, version=76.0.3809.87, browserConnectionEnabled=false, proxy={}, nativeEvents=true, locationContextEnabled=true, cssSelectorsEnabled=true}]
Session ID: a33a9f334236c875af6b2116758e79ce
*** Element info: {Using=xpath, value=//select[contains(@id,&#039;frmViewLimitStock:tblSearchOrder&#039;)]/../following-sibling::label}">
      <![CDATA[java.lang.AssertionError: Qua thoi gian nhung khong thay hoac thay doi tuong no such element: Unable to locate element: {"method":"xpath","selector":"//select[contains(@id,'frmViewLimitStock:tblSearchOrder')]/../following-sibling::label"}
  (Session info: chrome=76.0.3809.87)
  (Driver info: chromedriver=76.0.3809.126 (d80a294506b4c9d18015e755cee48f953ddc3f2f-refs/branch-heads/3809@{#1024}),platform=Linux 4.15.0-70-generic x86_64) (WARNING: The server did not provide any stacktrace information)
Command duration or timeout: 13 milliseconds
For documentation on this error, please visit: http://seleniumhq.org/exceptions/no_such_element.html
Build info: version: '2.53.1', revision: 'a36b8b1cd5757287168e54b817830adce9b0158d', time: '2016-06-30 19:26:09'
System info: host: 'vtt-cntt-l-77-HP-ProDesk-400-G5-MT-IDS-APJ', ip: '127.0.1.1', os.name: 'Linux', os.arch: 'amd64', os.version: '4.15.0-70-generic', java.version: '1.8.0_222'
Driver info: org.openqa.selenium.chrome.ChromeDriver
Capabilities [{mobileEmulationEnabled=false, timeouts={implicit=0, pageLoad=300000, script=30000}, hasTouchScreen=false, platform=LINUX, acceptSslCerts=false, goog:chromeOptions={debuggerAddress=localhost:41469}, acceptInsecureCerts=false, webStorageEnabled=true, browserName=chrome, takesScreenshot=true, javascriptEnabled=true, setWindowRect=true, unexpectedAlertBehaviour=ignore, applicationCacheEnabled=false, rotatable=false, networkConnectionEnabled=false, chrome={chromedriverVersion=76.0.3809.126 (d80a294506b4c9d18015e755cee48f953ddc3f2f-refs/branch-heads/3809@{#1024}), userDataDir=/tmp/.com.google.Chrome.nvdxQY}, takesHeapSnapshot=true, pageLoadStrategy=normal, strictFileInteractability=false, databaseEnabled=false, handlesAlerts=true, version=76.0.3809.87, browserConnectionEnabled=false, proxy={}, nativeEvents=true, locationContextEnabled=true, cssSelectorsEnabled=true}]
Session ID: a33a9f334236c875af6b2116758e79ce
*** Element info: {Using=xpath, value=//select[contains(@id,'frmViewLimitStock:tblSearchOrder')]/../following-sibling::label}
	at org.testng.Assert.fail(Assert.java:94)
	at org.selenium.automationtest.common.CommonBase.checkCycling(CommonBase.java:413)
	at org.selenium.automationtest.common.CommonBase.getDisplayedElement(CommonBase.java:262)
	at org.selenium.automationtest.common.CommonBase.getDisplayedElement(CommonBase.java:264)
	at org.selenium.automationtest.common.CommonBase.getDisplayedElement(CommonBase.java:264)
	at org.selenium.automationtest.common.CommonBase.getDisplayedElement(CommonBase.java:264)
	at org.selenium.automationtest.common.CommonBase.getDisplayedElement(CommonBase.java:264)
	at org.selenium.automationtest.common.CommonBase.getDisplayedElement(CommonBase.java:264)
	at org.selenium.automationtest.common.CommonBase.getDisplayedElement(CommonBase.java:264)
	at org.selenium.automationtest.common.CommonBase.getDisplayedElement(CommonBase.java:264)
	at org.selenium.automationtest.common.CommonBase.getDisplayedElement(CommonBase.java:264)
	at org.selenium.automationtest.common.CommonBase.getDisplayedElement(CommonBase.java:264)
	at org.selenium.automationtest.common.CommonBase.getDisplayedElement(CommonBase.java:264)
	at org.selenium.automationtest.common.CommonBase.getDisplayedElement(CommonBase.java:264)
	at org.selenium.automationtest.common.CommonBase.getDisplayedElement(CommonBase.java:264)
	at org.selenium.automationtest.common.CommonBase.getDisplayedElement(CommonBase.java:264)
	at org.selenium.automationtest.common.CommonBase.getDisplayedElement(CommonBase.java:264)
	at org.selenium.automationtest.common.CommonBase.getDisplayedElement(CommonBase.java:264)
	at org.selenium.automationtest.common.CommonBase.getDisplayedElement(CommonBase.java:264)
	at org.selenium.automationtest.common.CommonBase.getDisplayedElement(CommonBase.java:264)
	at org.selenium.automationtest.common.CommonBase.getDisplayedElement(CommonBase.java:264)
	at org.selenium.automationtest.common.CommonBase.getDisplayedElement(CommonBase.java:264)
	at org.selenium.automationtest.common.CommonBase.getDisplayedElement(CommonBase.java:264)
	at org.selenium.automationtest.common.CommonBase.getDisplayedElement(CommonBase.java:264)
	at org.selenium.automationtest.common.CommonBase.getElementPresent(CommonBase.java:434)
	at org.selenium.automationtest.common.CommonBase.click(CommonBase.java:547)
	at org.selenium.automationtest.testsuite.TS_IM_QLK_Hanmuckho_QLYC.TC005_QLKHO_HANMUCKHO_DuyetYCTuChoi_KhoDV(TS_IM_QLK_Hanmuckho_QLYC.java:241)
	at sun.reflect.NativeMethodAccessorImpl.invoke0(Native Method)
	at sun.reflect.NativeMethodAccessorImpl.invoke(NativeMethodAccessorImpl.java:62)
	at sun.reflect.DelegatingMethodAccessorImpl.invoke(DelegatingMethodAccessorImpl.java:43)
	at java.lang.reflect.Method.invoke(Method.java:498)
	at org.testng.internal.MethodInvocationHelper.invokeMethod(MethodInvocationHelper.java:86)
	at org.testng.internal.Invoker.invokeMethod(Invoker.java:643)
	at org.testng.internal.Invoker.invokeTestMethod(Invoker.java:820)
	at org.testng.internal.Invoker.invokeTestMethods(Invoker.java:1128)
	at org.testng.internal.TestMethodWorker.invokeTestMethods(TestMethodWorker.java:129)
	at org.testng.internal.TestMethodWorker.run(TestMethodWorker.java:112)
	at org.testng.TestRunner.privateRun(TestRunner.java:782)
	at org.testng.TestRunner.run(TestRunner.java:632)
	at org.testng.SuiteRunner.runTest(SuiteRunner.java:366)
	at org.testng.SuiteRunner.runSequentially(SuiteRunner.java:361)
	at org.testng.SuiteRunner.privateRun(SuiteRunner.java:319)
	at org.testng.SuiteRunner.run(SuiteRunner.java:268)
	at org.testng.SuiteRunnerWorker.runSuite(SuiteRunnerWorker.java:52)
	at org.testng.SuiteRunnerWorker.run(SuiteRunnerWorker.java:86)
	at org.testng.TestNG.runSuitesSequentially(TestNG.java:1244)
	at org.testng.TestNG.runSuitesLocally(TestNG.java:1169)
	at org.testng.TestNG.run(TestNG.java:1064)
	at org.testng.remote.AbstractRemoteTestNG.run(AbstractRemoteTestNG.java:115)
	at org.testng.remote.RemoteTestNG.initAndRun(RemoteTestNG.java:251)
	at org.testng.remote.RemoteTestNG.main(RemoteTestNG.java:77)
]]>
    </failure>
  </testcase> <!-- TC005_QLKHO_HANMUCKHO_DuyetYCTuChoi_KhoDV -->
  <testcase name="TC002_QLKHO_HANMUCKHO_DuyetYCPheDuyet_KhoNV" time="26.143" classname="org.selenium.automationtest.testsuite.TS_IM_QLK_Hanmuckho_QLYC"/>
</testsuite> <!-- org.selenium.automationtest.testsuite.TS_IM_QLK_Hanmuckho_QLYC -->
